{"/Users/ariel/code/react-amp-template/lib/index.js":{"path":"/Users/ariel/code/react-amp-template/lib/index.js","s":{"1":1,"2":1,"3":1,"4":1,"5":1,"6":1,"7":1,"8":1,"9":1,"10":0,"11":0,"12":0,"13":0,"14":0,"15":0,"16":0,"17":1,"18":1,"19":1,"20":1,"21":1},"b":{"1":[1,0],"2":[1,1],"3":[0,0],"4":[0,0],"5":[1,0],"6":[1,1]},"f":{"1":1,"2":1},"fnMap":{"1":{"name":"_interopRequireWildcard","line":16,"loc":{"start":{"line":16,"column":0},"end":{"line":16,"column":38}}},"2":{"name":"_interopRequireDefault","line":28,"loc":{"start":{"line":18,"column":0},"end":{"line":18,"column":37}}}},"statementMap":{"1":{"start":{"line":3,"column":0},"end":{"line":3,"column":0}},"2":{"start":{"line":6,"column":0},"end":{"line":6,"column":0}},"3":{"start":{"line":8,"column":0},"end":{"line":8,"column":0}},"4":{"start":{"line":10,"column":0},"end":{"line":10,"column":0}},"5":{"start":{"line":12,"column":0},"end":{"line":12,"column":0}},"6":{"start":{"line":14,"column":0},"end":{"line":14,"column":0}},"7":{"start":{"line":16,"column":0},"end":{"line":16,"column":269}},"8":{"start":{"line":16,"column":40},"end":{"line":16,"column":267}},"9":{"start":{"line":16,"column":69},"end":{"line":16,"column":69}},"10":{"start":{"line":16,"column":90},"end":{"line":16,"column":107}},"11":{"start":{"line":16,"column":107},"end":{"line":16,"column":229}},"12":{"start":{"line":16,"column":126},"end":{"line":16,"column":226}},"13":{"start":{"line":16,"column":149},"end":{"line":16,"column":201}},"14":{"start":{"line":16,"column":201},"end":{"line":16,"column":201}},"15":{"start":{"line":16,"column":229},"end":{"line":16,"column":251}},"16":{"start":{"line":16,"column":251},"end":{"line":16,"column":251}},"17":{"start":{"line":18,"column":0},"end":{"line":18,"column":95}},"18":{"start":{"line":18,"column":39},"end":{"line":18,"column":39}},"19":{"start":{"line":20,"column":0},"end":{"line":20,"column":0}},"20":{"start":{"line":21,"column":0},"end":{"line":21,"column":0}},"21":{"start":{"line":23,"column":0},"end":{"line":23,"column":0}}},"branchMap":{"1":{"line":17,"type":"if","locations":[{"start":{"line":16,"column":40},"end":{"line":16,"column":40}},{"start":{"line":16,"column":40},"end":{"line":16,"column":40}}]},"2":{"line":17,"type":"binary-expr","locations":[{"start":{"line":16,"column":44},"end":{"line":16,"column":44}},{"start":{"line":16,"column":51},"end":{"line":16,"column":40}}]},"3":{"line":20,"type":"if","locations":[{"start":{"line":16,"column":107},"end":{"line":16,"column":107}},{"start":{"line":16,"column":107},"end":{"line":16,"column":107}}]},"4":{"line":22,"type":"if","locations":[{"start":{"line":16,"column":149},"end":{"line":16,"column":149}},{"start":{"line":16,"column":149},"end":{"line":16,"column":149}}]},"5":{"line":29,"type":"cond-expr","locations":[{"start":{"line":18,"column":70},"end":{"line":18,"column":46}},{"start":{"line":18,"column":76},"end":{"line":18,"column":39}}]},"6":{"line":29,"type":"binary-expr","locations":[{"start":{"line":18,"column":46},"end":{"line":18,"column":46}},{"start":{"line":18,"column":53},"end":{"line":18,"column":46}}]}}},"/Users/ariel/code/react-amp-template/lib/core/index.js":{"path":"/Users/ariel/code/react-amp-template/lib/core/index.js","s":{"1":1,"2":2,"3":0,"4":1,"5":1,"6":1,"7":0,"8":1,"9":0,"10":0,"11":0,"12":0,"13":0,"14":0,"15":1,"16":1,"17":1,"18":5,"19":5,"20":5,"21":5,"22":5,"23":5,"24":1,"25":1,"26":1,"27":1,"28":0,"29":1,"30":1,"31":1,"32":1,"33":1,"34":1,"35":1,"36":1,"37":1,"38":1,"39":1,"40":1,"41":1,"42":1,"43":1,"44":1,"45":1,"46":1,"47":1,"48":7,"49":1,"50":1,"51":0,"52":1,"53":1,"54":1,"55":1,"56":1,"57":1,"58":1,"59":1,"60":1,"61":1,"62":1,"63":0,"64":1,"65":1,"66":1,"67":1,"68":1,"69":1,"70":1,"71":1,"72":1,"73":1,"74":1,"75":1,"76":1,"77":1,"78":1,"79":1,"80":1,"81":1,"82":1,"83":1,"84":1,"85":0,"86":0,"87":1,"88":1,"89":0,"90":0,"91":0,"92":0,"93":0,"94":0,"95":0,"96":0,"97":0,"98":1,"99":1,"100":1,"101":1,"102":1,"103":1,"104":1,"105":1,"106":1,"107":1,"108":1,"109":1},"b":{"1":[1,0],"2":[1,1],"3":[0,0],"4":[0,0,0,0],"5":[1,0],"6":[1,1],"7":[0,1],"8":[0,0],"9":[0,0,0,0],"10":[0,0],"11":[1,0],"12":[0,0],"13":[5,5],"14":[5,0],"15":[1,0],"16":[0,1],"17":[4,3],"18":[7,7],"19":[0,1],"20":[1,0],"21":[1,0],"22":[1,0],"23":[1,0],"24":[0,1]},"f":{"1":2,"2":0,"3":1,"4":0,"5":0,"6":1,"7":1,"8":1,"9":7,"10":1,"11":1,"12":1,"13":1,"14":1,"15":1,"16":1,"17":1,"18":0,"19":0,"20":0,"21":1,"22":1,"23":1,"24":1,"25":1},"fnMap":{"1":{"name":"(anonymous_1)","line":3,"loc":{"start":{"line":0,"column":0},"end":{"line":0,"column":0},"skip":true},"skip":true},"2":{"name":"(anonymous_2)","line":3,"loc":{"start":{"line":0,"column":0},"end":{"line":0,"column":0},"skip":true},"skip":true},"3":{"name":"(anonymous_3)","line":9,"loc":{"start":{"line":7,"column":84},"end":{"line":7,"column":99}}},"4":{"name":"(anonymous_4)","line":11,"loc":{"start":{"line":7,"column":124},"end":{"line":7,"column":139}}},"5":{"name":"(anonymous_5)","line":15,"loc":{"start":{"line":9,"column":32},"end":{"line":9,"column":50}}},"6":{"name":"(anonymous_6)","line":25,"loc":{"start":{"line":11,"column":19},"end":{"line":11,"column":31}}},"7":{"name":"defineProperties","line":26,"loc":{"start":{"line":11,"column":33},"end":{"line":11,"column":74}}},"8":{"name":"(anonymous_8)","line":30,"loc":{"start":{"line":11,"column":357},"end":{"line":11,"column":405}}},"9":{"name":"_interopRequireDefault","line":69,"loc":{"start":{"line":47,"column":0},"end":{"line":47,"column":37}}},"10":{"name":"_classCallCheck","line":73,"loc":{"start":{"line":49,"column":0},"end":{"line":49,"column":48}}},"11":{"name":"(anonymous_11)","line":91,"loc":{"start":{"line":63,"column":11},"end":{"line":63,"column":23}}},"12":{"name":"Core","line":92,"loc":{"start":{"line":64,"column":2},"end":{"line":64,"column":25}}},"13":{"name":"aphrodite","line":123,"loc":{"start":{"line":96,"column":11},"end":{"line":96,"column":41}}},"14":{"name":"(anonymous_14)","line":125,"loc":{"start":{"line":98,"column":56},"end":{"line":98,"column":68}}},"15":{"name":"renderStatic","line":142,"loc":{"start":{"line":115,"column":11},"end":{"line":115,"column":44}}},"16":{"name":"(anonymous_16)","line":147,"loc":{"start":{"line":120,"column":25},"end":{"line":120,"column":52}}},"17":{"name":"(anonymous_17)","line":149,"loc":{"start":{"line":122,"column":21},"end":{"line":122,"column":33}}},"18":{"name":"(anonymous_18)","line":173,"loc":{"start":{"line":146,"column":70},"end":{"line":146,"column":91}}},"19":{"name":"renderToFile","line":203,"loc":{"start":{"line":176,"column":11},"end":{"line":176,"column":39}}},"20":{"name":"(anonymous_20)","line":208,"loc":{"start":{"line":181,"column":58},"end":{"line":181,"column":82}}},"21":{"name":"getValidator","line":220,"loc":{"start":{"line":193,"column":11},"end":{"line":193,"column":35}}},"22":{"name":"(anonymous_22)","line":224,"loc":{"start":{"line":197,"column":55},"end":{"line":197,"column":75}}},"23":{"name":"(anonymous_23)","line":226,"loc":{"start":{"line":199,"column":14},"end":{"line":199,"column":26}}},"24":{"name":"validateMarkup","line":232,"loc":{"start":{"line":205,"column":11},"end":{"line":205,"column":43}}},"25":{"name":"(anonymous_25)","line":236,"loc":{"start":{"line":209,"column":38},"end":{"line":209,"column":50}}}},"statementMap":{"1":{"start":{"line":0,"column":0},"end":{"line":0,"column":0},"skip":true},"2":{"start":{"line":0,"column":0},"end":{"line":0,"column":0},"skip":true},"3":{"start":{"line":0,"column":0},"end":{"line":0,"column":0},"skip":true},"4":{"start":{"line":3,"column":0},"end":{"line":3,"column":0}},"5":{"start":{"line":7,"column":0},"end":{"line":7,"column":0}},"6":{"start":{"line":7,"column":101},"end":{"line":7,"column":101}},"7":{"start":{"line":7,"column":141},"end":{"line":7,"column":141}},"8":{"start":{"line":9,"column":0},"end":{"line":9,"column":0}},"9":{"start":{"line":9,"column":52},"end":{"line":9,"column":240}},"10":{"start":{"line":9,"column":97},"end":{"line":9,"column":124}},"11":{"start":{"line":9,"column":124},"end":{"line":9,"column":237}},"12":{"start":{"line":9,"column":150},"end":{"line":9,"column":235}},"13":{"start":{"line":9,"column":207},"end":{"line":9,"column":207}},"14":{"start":{"line":9,"column":240},"end":{"line":9,"column":240}},"15":{"start":{"line":11,"column":0},"end":{"line":11,"column":0}},"16":{"start":{"line":11,"column":33},"end":{"line":11,"column":350}},"17":{"start":{"line":11,"column":76},"end":{"line":11,"column":347}},"18":{"start":{"line":11,"column":117},"end":{"line":11,"column":144}},"19":{"start":{"line":11,"column":144},"end":{"line":11,"column":200}},"20":{"start":{"line":11,"column":200},"end":{"line":11,"column":232}},"21":{"start":{"line":11,"column":232},"end":{"line":11,"column":287}},"22":{"start":{"line":11,"column":259},"end":{"line":11,"column":287}},"23":{"start":{"line":11,"column":287},"end":{"line":11,"column":287}},"24":{"start":{"line":11,"column":350},"end":{"line":11,"column":350}},"25":{"start":{"line":11,"column":407},"end":{"line":11,"column":476}},"26":{"start":{"line":11,"column":423},"end":{"line":11,"column":476}},"27":{"start":{"line":11,"column":476},"end":{"line":11,"column":537}},"28":{"start":{"line":11,"column":493},"end":{"line":11,"column":537}},"29":{"start":{"line":11,"column":537},"end":{"line":11,"column":537}},"30":{"start":{"line":13,"column":0},"end":{"line":13,"column":0}},"31":{"start":{"line":15,"column":0},"end":{"line":15,"column":0}},"32":{"start":{"line":17,"column":0},"end":{"line":17,"column":0}},"33":{"start":{"line":19,"column":0},"end":{"line":19,"column":0}},"34":{"start":{"line":21,"column":0},"end":{"line":21,"column":0}},"35":{"start":{"line":23,"column":0},"end":{"line":23,"column":0}},"36":{"start":{"line":25,"column":0},"end":{"line":25,"column":0}},"37":{"start":{"line":27,"column":0},"end":{"line":27,"column":0}},"38":{"start":{"line":29,"column":0},"end":{"line":29,"column":0}},"39":{"start":{"line":31,"column":0},"end":{"line":31,"column":0}},"40":{"start":{"line":33,"column":0},"end":{"line":33,"column":0}},"41":{"start":{"line":35,"column":0},"end":{"line":35,"column":0}},"42":{"start":{"line":37,"column":0},"end":{"line":37,"column":0}},"43":{"start":{"line":39,"column":0},"end":{"line":39,"column":0}},"44":{"start":{"line":41,"column":0},"end":{"line":41,"column":0}},"45":{"start":{"line":43,"column":0},"end":{"line":43,"column":0}},"46":{"start":{"line":45,"column":0},"end":{"line":45,"column":0}},"47":{"start":{"line":47,"column":0},"end":{"line":47,"column":95}},"48":{"start":{"line":47,"column":39},"end":{"line":47,"column":39}},"49":{"start":{"line":49,"column":0},"end":{"line":49,"column":153}},"50":{"start":{"line":49,"column":50},"end":{"line":49,"column":151}},"51":{"start":{"line":49,"column":92},"end":{"line":49,"column":92}},"52":{"start":{"line":51,"column":0},"end":{"line":51,"column":0}},"53":{"start":{"line":53,"column":0},"end":{"line":53,"column":0}},"54":{"start":{"line":63,"column":0},"end":{"line":63,"column":0}},"55":{"start":{"line":64,"column":2},"end":{"line":84,"column":3}},"56":{"start":{"line":65,"column":4},"end":{"line":65,"column":4}},"57":{"start":{"line":67,"column":4},"end":{"line":67,"column":4}},"58":{"start":{"line":71,"column":4},"end":{"line":71,"column":4}},"59":{"start":{"line":72,"column":4},"end":{"line":78,"column":5}},"60":{"start":{"line":73,"column":6},"end":{"line":73,"column":6}},"61":{"start":{"line":74,"column":6},"end":{"line":74,"column":6}},"62":{"start":{"line":75,"column":6},"end":{"line":75,"column":6}},"63":{"start":{"line":77,"column":6},"end":{"line":77,"column":6}},"64":{"start":{"line":80,"column":4},"end":{"line":80,"column":4}},"65":{"start":{"line":81,"column":4},"end":{"line":81,"column":4}},"66":{"start":{"line":82,"column":4},"end":{"line":82,"column":4}},"67":{"start":{"line":83,"column":4},"end":{"line":83,"column":4}},"68":{"start":{"line":94,"column":2},"end":{"line":94,"column":2}},"69":{"start":{"line":97,"column":6},"end":{"line":97,"column":6}},"70":{"start":{"line":98,"column":6},"end":{"line":98,"column":6}},"71":{"start":{"line":99,"column":8},"end":{"line":99,"column":8}},"72":{"start":{"line":116,"column":6},"end":{"line":116,"column":6}},"73":{"start":{"line":118,"column":6},"end":{"line":118,"column":6}},"74":{"start":{"line":120,"column":6},"end":{"line":120,"column":6}},"75":{"start":{"line":121,"column":8},"end":{"line":161,"column":9}},"76":{"start":{"line":122,"column":10},"end":{"line":122,"column":10}},"77":{"start":{"line":123,"column":12},"end":{"line":123,"column":12}},"78":{"start":{"line":127,"column":12},"end":{"line":127,"column":12}},"79":{"start":{"line":129,"column":12},"end":{"line":129,"column":12}},"80":{"start":{"line":139,"column":12},"end":{"line":141,"column":13}},"81":{"start":{"line":140,"column":14},"end":{"line":140,"column":14}},"82":{"start":{"line":143,"column":12},"end":{"line":150,"column":13}},"83":{"start":{"line":144,"column":14},"end":{"line":144,"column":14}},"84":{"start":{"line":145,"column":14},"end":{"line":145,"column":14}},"85":{"start":{"line":147,"column":18},"end":{"line":147,"column":18}},"86":{"start":{"line":151,"column":12},"end":{"line":151,"column":12}},"87":{"start":{"line":156,"column":10},"end":{"line":156,"column":88}},"88":{"start":{"line":156,"column":88},"end":{"line":156,"column":88}},"89":{"start":{"line":158,"column":10},"end":{"line":158,"column":10}},"90":{"start":{"line":177,"column":6},"end":{"line":179,"column":7}},"91":{"start":{"line":178,"column":8},"end":{"line":178,"column":8}},"92":{"start":{"line":181,"column":6},"end":{"line":181,"column":6}},"93":{"start":{"line":182,"column":8},"end":{"line":182,"column":8}},"94":{"start":{"line":183,"column":8},"end":{"line":188,"column":9}},"95":{"start":{"line":184,"column":10},"end":{"line":184,"column":10}},"96":{"start":{"line":185,"column":10},"end":{"line":185,"column":10}},"97":{"start":{"line":187,"column":10},"end":{"line":187,"column":10}},"98":{"start":{"line":194,"column":6},"end":{"line":194,"column":6}},"99":{"start":{"line":196,"column":6},"end":{"line":196,"column":6}},"100":{"start":{"line":197,"column":6},"end":{"line":197,"column":6}},"101":{"start":{"line":198,"column":8},"end":{"line":198,"column":8}},"102":{"start":{"line":200,"column":8},"end":{"line":200,"column":8}},"103":{"start":{"line":206,"column":6},"end":{"line":206,"column":6}},"104":{"start":{"line":208,"column":6},"end":{"line":208,"column":6}},"105":{"start":{"line":209,"column":6},"end":{"line":209,"column":6}},"106":{"start":{"line":210,"column":8},"end":{"line":210,"column":8}},"107":{"start":{"line":211,"column":8},"end":{"line":211,"column":8}},"108":{"start":{"line":216,"column":2},"end":{"line":216,"column":2}},"109":{"start":{"line":219,"column":0},"end":{"line":219,"column":0}}},"branchMap":{"1":{"line":3,"type":"cond-expr","locations":[{"start":{"line":0,"column":0},"end":{"line":0,"column":0},"skip":true},{"start":{"line":0,"column":0},"end":{"line":0,"column":0},"skip":true}]},"2":{"line":3,"type":"binary-expr","locations":[{"start":{"line":0,"column":0},"end":{"line":0,"column":0},"skip":true},{"start":{"line":0,"column":0},"end":{"line":0,"column":0},"skip":true}]},"3":{"line":3,"type":"cond-expr","locations":[{"start":{"line":0,"column":0},"end":{"line":0,"column":0},"skip":true},{"start":{"line":0,"column":0},"end":{"line":0,"column":0},"skip":true}]},"4":{"line":3,"type":"binary-expr","locations":[{"start":{"line":0,"column":0},"end":{"line":0,"column":0},"skip":true},{"start":{"line":0,"column":0},"end":{"line":0,"column":0},"skip":true},{"start":{"line":0,"column":0},"end":{"line":0,"column":0},"skip":true},{"start":{"line":0,"column":0},"end":{"line":0,"column":0},"skip":true}]},"5":{"line":9,"type":"cond-expr","locations":[{"start":{"line":7,"column":84},"end":{"line":7,"column":14}},{"start":{"line":7,"column":124},"end":{"line":7,"column":0}}]},"6":{"line":9,"type":"binary-expr","locations":[{"start":{"line":7,"column":14},"end":{"line":7,"column":14}},{"start":{"line":7,"column":46},"end":{"line":7,"column":14}}]},"7":{"line":10,"type":"cond-expr","locations":[{"start":{"line":7,"column":101},"end":{"line":7,"column":101}},{"start":{"line":7,"column":101},"end":{"line":7,"column":101}}]},"8":{"line":12,"type":"cond-expr","locations":[{"start":{"line":7,"column":244},"end":{"line":7,"column":148}},{"start":{"line":7,"column":148},"end":{"line":7,"column":141}}]},"9":{"line":12,"type":"binary-expr","locations":[{"start":{"line":7,"column":148},"end":{"line":7,"column":148}},{"start":{"line":7,"column":155},"end":{"line":7,"column":148}},{"start":{"line":7,"column":187},"end":{"line":7,"column":148}},{"start":{"line":7,"column":217},"end":{"line":7,"column":148}}]},"10":{"line":12,"type":"cond-expr","locations":[{"start":{"line":7,"column":148},"end":{"line":7,"column":148}},{"start":{"line":7,"column":148},"end":{"line":7,"column":141}}]},"11":{"line":15,"type":"binary-expr","locations":[{"start":{"line":9,"column":15},"end":{"line":9,"column":15}},{"start":{"line":9,"column":32},"end":{"line":9,"column":0}}]},"12":{"line":18,"type":"if","locations":[{"start":{"line":9,"column":150},"end":{"line":9,"column":150}},{"start":{"line":9,"column":150},"end":{"line":9,"column":150}}]},"13":{"line":28,"type":"binary-expr","locations":[{"start":{"line":11,"column":168},"end":{"line":11,"column":168}},{"start":{"line":11,"column":193},"end":{"line":11,"column":144}}]},"14":{"line":28,"type":"if","locations":[{"start":{"line":11,"column":232},"end":{"line":11,"column":232}},{"start":{"line":11,"column":232},"end":{"line":11,"column":232}}]},"15":{"line":31,"type":"if","locations":[{"start":{"line":11,"column":407},"end":{"line":11,"column":407}},{"start":{"line":11,"column":407},"end":{"line":11,"column":407}}]},"16":{"line":31,"type":"if","locations":[{"start":{"line":11,"column":476},"end":{"line":11,"column":476}},{"start":{"line":11,"column":476},"end":{"line":11,"column":476}}]},"17":{"line":70,"type":"cond-expr","locations":[{"start":{"line":47,"column":70},"end":{"line":47,"column":46}},{"start":{"line":47,"column":76},"end":{"line":47,"column":39}}]},"18":{"line":70,"type":"binary-expr","locations":[{"start":{"line":47,"column":46},"end":{"line":47,"column":46}},{"start":{"line":47,"column":53},"end":{"line":47,"column":46}}]},"19":{"line":74,"type":"if","locations":[{"start":{"line":49,"column":50},"end":{"line":49,"column":50}},{"start":{"line":49,"column":50},"end":{"line":49,"column":50}}]},"20":{"line":100,"type":"if","locations":[{"start":{"line":72,"column":4},"end":{"line":72,"column":4}},{"start":{"line":72,"column":4},"end":{"line":72,"column":4}}]},"21":{"line":166,"type":"if","locations":[{"start":{"line":139,"column":12},"end":{"line":139,"column":12}},{"start":{"line":139,"column":12},"end":{"line":139,"column":12}}]},"22":{"line":170,"type":"if","locations":[{"start":{"line":143,"column":12},"end":{"line":143,"column":12}},{"start":{"line":143,"column":12},"end":{"line":143,"column":12}}]},"23":{"line":183,"type":"if","locations":[{"start":{"line":156,"column":10},"end":{"line":156,"column":10}},{"start":{"line":156,"column":10},"end":{"line":156,"column":10}}]},"24":{"line":183,"type":"cond-expr","locations":[{"start":{"line":156,"column":45},"end":{"line":156,"column":15}},{"start":{"line":156,"column":59},"end":{"line":156,"column":14}}]}}},"/Users/ariel/code/react-amp-template/lib/core/Tags.js":{"path":"/Users/ariel/code/react-amp-template/lib/core/Tags.js","s":{"1":1,"2":1,"3":1,"4":0,"5":0,"6":0,"7":0,"8":0,"9":0,"10":1,"11":1,"12":1,"13":1,"14":1,"15":1,"16":1,"17":1,"18":1,"19":4,"20":1,"21":1,"22":0,"23":1,"24":1,"25":1,"26":1,"27":1,"28":1,"29":1,"30":1,"31":1,"32":1,"33":1,"34":1,"35":1,"36":1,"37":1,"38":1,"39":1,"40":1,"41":0,"42":1,"43":1,"44":1,"45":1,"46":1,"47":1,"48":1,"49":1,"50":1,"51":1,"52":2,"53":2,"54":1,"55":1,"56":2,"57":1,"58":1,"59":1,"60":1},"b":{"1":[1,0],"2":[0,0],"3":[3,1],"4":[4,4],"5":[0,1],"6":[0,1],"7":[0,1],"8":[0,1],"9":[1,0],"10":[1,0],"11":[1,0],"12":[1,1]},"f":{"1":0,"2":4,"3":1,"4":1,"5":1,"6":1,"7":1,"8":1,"9":1,"10":2,"11":1,"12":2},"fnMap":{"1":{"name":"(anonymous_1)","line":8,"loc":{"start":{"line":8,"column":32},"end":{"line":8,"column":50}}},"2":{"name":"_interopRequireDefault","line":34,"loc":{"start":{"line":26,"column":0},"end":{"line":26,"column":37}}},"3":{"name":"_classCallCheck","line":38,"loc":{"start":{"line":28,"column":0},"end":{"line":28,"column":48}}},"4":{"name":"Tags","line":50,"loc":{"start":{"line":36,"column":11},"end":{"line":36,"column":34}}},"5":{"name":"addScript","line":74,"loc":{"start":{"line":61,"column":36},"end":{"line":61,"column":64}}},"6":{"name":"(anonymous_6)","line":76,"loc":{"start":{"line":63,"column":21},"end":{"line":63,"column":39}}},"7":{"name":"getScripts","line":93,"loc":{"start":{"line":80,"column":38},"end":{"line":80,"column":60}}},"8":{"name":"(anonymous_8)","line":96,"loc":{"start":{"line":83,"column":28},"end":{"line":83,"column":51}}},"9":{"name":"addMeta","line":105,"loc":{"start":{"line":92,"column":32},"end":{"line":92,"column":55}}},"10":{"name":"(anonymous_10)","line":107,"loc":{"start":{"line":94,"column":18},"end":{"line":94,"column":34}}},"11":{"name":"getMetas","line":116,"loc":{"start":{"line":103,"column":34},"end":{"line":103,"column":54}}},"12":{"name":"(anonymous_12)","line":117,"loc":{"start":{"line":104,"column":34},"end":{"line":104,"column":55}}}},"statementMap":{"1":{"start":{"line":3,"column":0},"end":{"line":3,"column":0}},"2":{"start":{"line":6,"column":0},"end":{"line":6,"column":0}},"3":{"start":{"line":8,"column":0},"end":{"line":8,"column":0}},"4":{"start":{"line":8,"column":52},"end":{"line":8,"column":240}},"5":{"start":{"line":8,"column":97},"end":{"line":8,"column":124}},"6":{"start":{"line":8,"column":124},"end":{"line":8,"column":237}},"7":{"start":{"line":8,"column":150},"end":{"line":8,"column":235}},"8":{"start":{"line":8,"column":207},"end":{"line":8,"column":207}},"9":{"start":{"line":8,"column":240},"end":{"line":8,"column":240}},"10":{"start":{"line":10,"column":0},"end":{"line":10,"column":0}},"11":{"start":{"line":12,"column":0},"end":{"line":12,"column":0}},"12":{"start":{"line":14,"column":0},"end":{"line":14,"column":0}},"13":{"start":{"line":16,"column":0},"end":{"line":16,"column":0}},"14":{"start":{"line":18,"column":0},"end":{"line":18,"column":0}},"15":{"start":{"line":20,"column":0},"end":{"line":20,"column":0}},"16":{"start":{"line":22,"column":0},"end":{"line":22,"column":0}},"17":{"start":{"line":24,"column":0},"end":{"line":24,"column":0}},"18":{"start":{"line":26,"column":0},"end":{"line":26,"column":95}},"19":{"start":{"line":26,"column":39},"end":{"line":26,"column":39}},"20":{"start":{"line":28,"column":0},"end":{"line":28,"column":153}},"21":{"start":{"line":28,"column":50},"end":{"line":28,"column":151}},"22":{"start":{"line":28,"column":92},"end":{"line":28,"column":92}},"23":{"start":{"line":30,"column":0},"end":{"line":30,"column":0}},"24":{"start":{"line":32,"column":0},"end":{"line":32,"column":0}},"25":{"start":{"line":33,"column":0},"end":{"line":33,"column":0}},"26":{"start":{"line":34,"column":0},"end":{"line":34,"column":0}},"27":{"start":{"line":36,"column":0},"end":{"line":36,"column":0}},"28":{"start":{"line":37,"column":2},"end":{"line":37,"column":2}},"29":{"start":{"line":39,"column":2},"end":{"line":39,"column":2}},"30":{"start":{"line":45,"column":2},"end":{"line":45,"column":2}},"31":{"start":{"line":46,"column":2},"end":{"line":46,"column":2}},"32":{"start":{"line":61,"column":0},"end":{"line":61,"column":0}},"33":{"start":{"line":62,"column":2},"end":{"line":62,"column":2}},"34":{"start":{"line":63,"column":2},"end":{"line":63,"column":2}},"35":{"start":{"line":64,"column":4},"end":{"line":64,"column":4}},"36":{"start":{"line":65,"column":4},"end":{"line":65,"column":4}},"37":{"start":{"line":66,"column":4},"end":{"line":66,"column":4}},"38":{"start":{"line":68,"column":4},"end":{"line":73,"column":5}},"39":{"start":{"line":69,"column":6},"end":{"line":69,"column":6}},"40":{"start":{"line":70,"column":6},"end":{"line":70,"column":6}},"41":{"start":{"line":72,"column":6},"end":{"line":72,"column":6}},"42":{"start":{"line":80,"column":0},"end":{"line":80,"column":0}},"43":{"start":{"line":81,"column":2},"end":{"line":81,"column":2}},"44":{"start":{"line":82,"column":2},"end":{"line":82,"column":2}},"45":{"start":{"line":83,"column":2},"end":{"line":83,"column":2}},"46":{"start":{"line":84,"column":4},"end":{"line":84,"column":4}},"47":{"start":{"line":85,"column":4},"end":{"line":85,"column":4}},"48":{"start":{"line":87,"column":2},"end":{"line":87,"column":2}},"49":{"start":{"line":92,"column":0},"end":{"line":92,"column":0}},"50":{"start":{"line":93,"column":2},"end":{"line":93,"column":2}},"51":{"start":{"line":94,"column":2},"end":{"line":94,"column":2}},"52":{"start":{"line":95,"column":4},"end":{"line":95,"column":4}},"53":{"start":{"line":96,"column":4},"end":{"line":96,"column":4}},"54":{"start":{"line":103,"column":0},"end":{"line":103,"column":0}},"55":{"start":{"line":104,"column":2},"end":{"line":104,"column":2}},"56":{"start":{"line":105,"column":4},"end":{"line":107,"column":5}},"57":{"start":{"line":106,"column":6},"end":{"line":106,"column":6}},"58":{"start":{"line":108,"column":4},"end":{"line":108,"column":4}},"59":{"start":{"line":110,"column":2},"end":{"line":110,"column":2}},"60":{"start":{"line":113,"column":0},"end":{"line":113,"column":0}}},"branchMap":{"1":{"line":8,"type":"binary-expr","locations":[{"start":{"line":8,"column":15},"end":{"line":8,"column":15}},{"start":{"line":8,"column":32},"end":{"line":8,"column":0}}]},"2":{"line":11,"type":"if","locations":[{"start":{"line":8,"column":150},"end":{"line":8,"column":150}},{"start":{"line":8,"column":150},"end":{"line":8,"column":150}}]},"3":{"line":35,"type":"cond-expr","locations":[{"start":{"line":26,"column":70},"end":{"line":26,"column":46}},{"start":{"line":26,"column":76},"end":{"line":26,"column":39}}]},"4":{"line":35,"type":"binary-expr","locations":[{"start":{"line":26,"column":46},"end":{"line":26,"column":46}},{"start":{"line":26,"column":53},"end":{"line":26,"column":46}}]},"5":{"line":39,"type":"if","locations":[{"start":{"line":28,"column":50},"end":{"line":28,"column":50}},{"start":{"line":28,"column":50},"end":{"line":28,"column":50}}]},"6":{"line":75,"type":"cond-expr","locations":[{"start":{"line":62,"column":46},"end":{"line":62,"column":19}},{"start":{"line":62,"column":56},"end":{"line":62,"column":2}}]},"7":{"line":78,"type":"cond-expr","locations":[{"start":{"line":65,"column":35},"end":{"line":65,"column":15}},{"start":{"line":65,"column":47},"end":{"line":65,"column":4}}]},"8":{"line":79,"type":"cond-expr","locations":[{"start":{"line":66,"column":38},"end":{"line":66,"column":18}},{"start":{"line":66,"column":50},"end":{"line":66,"column":4}}]},"9":{"line":81,"type":"if","locations":[{"start":{"line":68,"column":4},"end":{"line":68,"column":4}},{"start":{"line":68,"column":4},"end":{"line":68,"column":4}}]},"10":{"line":81,"type":"binary-expr","locations":[{"start":{"line":68,"column":8},"end":{"line":68,"column":8}},{"start":{"line":68,"column":40},"end":{"line":68,"column":4}}]},"11":{"line":106,"type":"cond-expr","locations":[{"start":{"line":93,"column":40},"end":{"line":93,"column":16}},{"start":{"line":93,"column":47},"end":{"line":93,"column":2}}]},"12":{"line":118,"type":"if","locations":[{"start":{"line":105,"column":4},"end":{"line":105,"column":4}},{"start":{"line":105,"column":4},"end":{"line":105,"column":4}}]}}},"/Users/ariel/code/react-amp-template/lib/utils/innerHTML.js":{"path":"/Users/ariel/code/react-amp-template/lib/utils/innerHTML.js","s":{"1":1,"2":1,"3":3},"b":{},"f":{"1":3},"fnMap":{"1":{"name":"(anonymous_1)","line":7,"loc":{"start":{"line":7,"column":18},"end":{"line":7,"column":34}}}},"statementMap":{"1":{"start":{"line":3,"column":0},"end":{"line":3,"column":0}},"2":{"start":{"line":7,"column":0},"end":{"line":7,"column":0}},"3":{"start":{"line":8,"column":2},"end":{"line":8,"column":2}}},"branchMap":{}},"/Users/ariel/code/react-amp-template/lib/components/Script.js":{"path":"/Users/ariel/code/react-amp-template/lib/components/Script.js","s":{"1":1,"2":1,"3":1,"4":1,"5":1,"6":1,"7":1,"8":1,"9":1},"b":{"1":[0,1],"2":[1,1]},"f":{"1":1,"2":1},"fnMap":{"1":{"name":"_interopRequireDefault","line":11,"loc":{"start":{"line":11,"column":0},"end":{"line":11,"column":37}}},"2":{"name":"Script","line":19,"loc":{"start":{"line":17,"column":13},"end":{"line":17,"column":35}}}},"statementMap":{"1":{"start":{"line":3,"column":0},"end":{"line":3,"column":0}},"2":{"start":{"line":7,"column":0},"end":{"line":7,"column":0}},"3":{"start":{"line":9,"column":0},"end":{"line":9,"column":0}},"4":{"start":{"line":11,"column":0},"end":{"line":11,"column":95}},"5":{"start":{"line":11,"column":39},"end":{"line":11,"column":39}},"6":{"start":{"line":17,"column":0},"end":{"line":17,"column":0}},"7":{"start":{"line":18,"column":2},"end":{"line":18,"column":2}},"8":{"start":{"line":20,"column":2},"end":{"line":20,"column":2}},"9":{"start":{"line":27,"column":0},"end":{"line":27,"column":0}}},"branchMap":{"1":{"line":12,"type":"cond-expr","locations":[{"start":{"line":11,"column":70},"end":{"line":11,"column":46}},{"start":{"line":11,"column":76},"end":{"line":11,"column":39}}]},"2":{"line":12,"type":"binary-expr","locations":[{"start":{"line":11,"column":46},"end":{"line":11,"column":46}},{"start":{"line":11,"column":53},"end":{"line":11,"column":46}}]}}},"/Users/ariel/code/react-amp-template/lib/core/defaults.js":{"path":"/Users/ariel/code/react-amp-template/lib/core/defaults.js","s":{"1":1,"2":1,"3":1,"4":11},"b":{},"f":{"1":11},"fnMap":{"1":{"name":"isCustomAttribute","line":28,"loc":{"start":{"line":28,"column":23},"end":{"line":28,"column":65}}}},"statementMap":{"1":{"start":{"line":3,"column":0},"end":{"line":3,"column":0}},"2":{"start":{"line":7,"column":0},"end":{"line":7,"column":0}},"3":{"start":{"line":9,"column":0},"end":{"line":9,"column":0}},"4":{"start":{"line":29,"column":6},"end":{"line":29,"column":6}}},"branchMap":{}},"/Users/ariel/code/react-amp-template/lib/utils/ampvalidator.js":{"path":"/Users/ariel/code/react-amp-template/lib/utils/ampvalidator.js","s":{"1":1,"2":1,"3":1,"4":1,"5":1,"6":1,"7":2,"8":1,"9":1,"10":1,"11":1,"12":1,"13":1,"14":0,"15":0,"16":0,"17":0,"18":1,"19":1,"20":1,"21":1,"22":1,"23":1,"24":1,"25":1},"b":{"1":[0,2],"2":[2,2],"3":[0,1],"4":[1,1],"5":[1,0]},"f":{"1":2,"2":1,"3":1,"4":0,"5":1},"fnMap":{"1":{"name":"_interopRequireDefault","line":15,"loc":{"start":{"line":15,"column":0},"end":{"line":15,"column":37}}},"2":{"name":"enhanceValidator","line":21,"loc":{"start":{"line":19,"column":23},"end":{"line":19,"column":57}}},"3":{"name":"validateMarkup","line":25,"loc":{"start":{"line":23,"column":20},"end":{"line":23,"column":66}}},"4":{"name":"(anonymous_4)","line":28,"loc":{"start":{"line":26,"column":40},"end":{"line":26,"column":57}}},"5":{"name":"getInstance","line":41,"loc":{"start":{"line":39,"column":18},"end":{"line":39,"column":41}}}},"statementMap":{"1":{"start":{"line":3,"column":0},"end":{"line":3,"column":0}},"2":{"start":{"line":7,"column":0},"end":{"line":7,"column":0}},"3":{"start":{"line":9,"column":0},"end":{"line":9,"column":0}},"4":{"start":{"line":11,"column":0},"end":{"line":11,"column":0}},"5":{"start":{"line":13,"column":0},"end":{"line":13,"column":0}},"6":{"start":{"line":15,"column":0},"end":{"line":15,"column":95}},"7":{"start":{"line":15,"column":39},"end":{"line":15,"column":39}},"8":{"start":{"line":17,"column":0},"end":{"line":17,"column":0}},"9":{"start":{"line":19,"column":0},"end":{"line":19,"column":0}},"10":{"start":{"line":20,"column":2},"end":{"line":20,"column":2}},"11":{"start":{"line":22,"column":2},"end":{"line":22,"column":2}},"12":{"start":{"line":24,"column":6},"end":{"line":24,"column":6}},"13":{"start":{"line":25,"column":6},"end":{"line":31,"column":7}},"14":{"start":{"line":26,"column":8},"end":{"line":26,"column":8}},"15":{"start":{"line":27,"column":10},"end":{"line":27,"column":10}},"16":{"start":{"line":29,"column":8},"end":{"line":29,"column":8}},"17":{"start":{"line":30,"column":8},"end":{"line":30,"column":8}},"18":{"start":{"line":32,"column":6},"end":{"line":32,"column":6}},"19":{"start":{"line":33,"column":6},"end":{"line":33,"column":6}},"20":{"start":{"line":38,"column":0},"end":{"line":38,"column":0}},"21":{"start":{"line":39,"column":0},"end":{"line":39,"column":0}},"22":{"start":{"line":40,"column":2},"end":{"line":42,"column":3}},"23":{"start":{"line":41,"column":4},"end":{"line":41,"column":4}},"24":{"start":{"line":43,"column":2},"end":{"line":43,"column":2}},"25":{"start":{"line":46,"column":0},"end":{"line":46,"column":0}}},"branchMap":{"1":{"line":16,"type":"cond-expr","locations":[{"start":{"line":15,"column":70},"end":{"line":15,"column":46}},{"start":{"line":15,"column":76},"end":{"line":15,"column":39}}]},"2":{"line":16,"type":"binary-expr","locations":[{"start":{"line":15,"column":46},"end":{"line":15,"column":46}},{"start":{"line":15,"column":53},"end":{"line":15,"column":46}}]},"3":{"line":27,"type":"if","locations":[{"start":{"line":25,"column":6},"end":{"line":25,"column":6}},{"start":{"line":25,"column":6},"end":{"line":25,"column":6}}]},"4":{"line":27,"type":"binary-expr","locations":[{"start":{"line":25,"column":10},"end":{"line":25,"column":10}},{"start":{"line":25,"column":27},"end":{"line":25,"column":6}}]},"5":{"line":42,"type":"if","locations":[{"start":{"line":40,"column":2},"end":{"line":40,"column":2}},{"start":{"line":40,"column":2},"end":{"line":40,"column":2}}]}}},"/Users/ariel/code/react-amp-template/lib/components/Template.js":{"path":"/Users/ariel/code/react-amp-template/lib/components/Template.js","s":{"1":1,"2":1,"3":0,"4":0,"5":0,"6":0,"7":0,"8":0,"9":1,"10":1,"11":1,"12":1,"13":1,"14":1,"15":1,"16":3,"17":1,"18":1,"19":1,"20":1,"21":1,"22":1},"b":{"1":[1,0],"2":[0,0],"3":[2,1],"4":[3,3],"5":[1,0]},"f":{"1":0,"2":3,"3":1},"fnMap":{"1":{"name":"(anonymous_1)","line":7,"loc":{"start":{"line":7,"column":32},"end":{"line":7,"column":50}}},"2":{"name":"_interopRequireDefault","line":29,"loc":{"start":{"line":21,"column":0},"end":{"line":21,"column":37}}},"3":{"name":"Template","line":35,"loc":{"start":{"line":25,"column":15},"end":{"line":25,"column":39}}}},"statementMap":{"1":{"start":{"line":3,"column":0},"end":{"line":3,"column":0}},"2":{"start":{"line":7,"column":0},"end":{"line":7,"column":0}},"3":{"start":{"line":7,"column":52},"end":{"line":7,"column":240}},"4":{"start":{"line":7,"column":97},"end":{"line":7,"column":124}},"5":{"start":{"line":7,"column":124},"end":{"line":7,"column":237}},"6":{"start":{"line":7,"column":150},"end":{"line":7,"column":235}},"7":{"start":{"line":7,"column":207},"end":{"line":7,"column":207}},"8":{"start":{"line":7,"column":240},"end":{"line":7,"column":240}},"9":{"start":{"line":9,"column":0},"end":{"line":9,"column":0}},"10":{"start":{"line":11,"column":0},"end":{"line":11,"column":0}},"11":{"start":{"line":13,"column":0},"end":{"line":13,"column":0}},"12":{"start":{"line":15,"column":0},"end":{"line":15,"column":0}},"13":{"start":{"line":17,"column":0},"end":{"line":17,"column":0}},"14":{"start":{"line":19,"column":0},"end":{"line":19,"column":0}},"15":{"start":{"line":21,"column":0},"end":{"line":21,"column":95}},"16":{"start":{"line":21,"column":39},"end":{"line":21,"column":39}},"17":{"start":{"line":23,"column":0},"end":{"line":23,"column":0}},"18":{"start":{"line":25,"column":0},"end":{"line":25,"column":0}},"19":{"start":{"line":26,"column":2},"end":{"line":26,"column":2}},"20":{"start":{"line":30,"column":2},"end":{"line":30,"column":2}},"21":{"start":{"line":35,"column":2},"end":{"line":35,"column":2}},"22":{"start":{"line":46,"column":0},"end":{"line":46,"column":0}}},"branchMap":{"1":{"line":7,"type":"binary-expr","locations":[{"start":{"line":7,"column":15},"end":{"line":7,"column":15}},{"start":{"line":7,"column":32},"end":{"line":7,"column":0}}]},"2":{"line":10,"type":"if","locations":[{"start":{"line":7,"column":150},"end":{"line":7,"column":150}},{"start":{"line":7,"column":150},"end":{"line":7,"column":150}}]},"3":{"line":30,"type":"cond-expr","locations":[{"start":{"line":21,"column":70},"end":{"line":21,"column":46}},{"start":{"line":21,"column":76},"end":{"line":21,"column":39}}]},"4":{"line":30,"type":"binary-expr","locations":[{"start":{"line":21,"column":46},"end":{"line":21,"column":46}},{"start":{"line":21,"column":53},"end":{"line":21,"column":46}}]},"5":{"line":43,"type":"cond-expr","locations":[{"start":{"line":33,"column":42},"end":{"line":33,"column":21}},{"start":{"line":33,"column":50},"end":{"line":33,"column":50}}]}}},"/Users/ariel/code/react-amp-template/lib/components/Head.js":{"path":"/Users/ariel/code/react-amp-template/lib/components/Head.js","s":{"1":1,"2":1,"3":0,"4":0,"5":0,"6":0,"7":0,"8":0,"9":1,"10":1,"11":1,"12":1,"13":1,"14":2,"15":1,"16":1,"17":1,"18":1,"19":1,"20":1,"21":1,"22":1,"23":1,"24":1,"25":1},"b":{"1":[1,0],"2":[0,0],"3":[1,1],"4":[2,2],"5":[1,0]},"f":{"1":0,"2":2,"3":1},"fnMap":{"1":{"name":"(anonymous_1)","line":7,"loc":{"start":{"line":7,"column":32},"end":{"line":7,"column":50}}},"2":{"name":"_interopRequireDefault","line":25,"loc":{"start":{"line":17,"column":0},"end":{"line":17,"column":37}}},"3":{"name":"Head","line":42,"loc":{"start":{"line":44,"column":11},"end":{"line":44,"column":31}}}},"statementMap":{"1":{"start":{"line":3,"column":0},"end":{"line":3,"column":0}},"2":{"start":{"line":7,"column":0},"end":{"line":7,"column":0}},"3":{"start":{"line":7,"column":52},"end":{"line":7,"column":240}},"4":{"start":{"line":7,"column":97},"end":{"line":7,"column":124}},"5":{"start":{"line":7,"column":124},"end":{"line":7,"column":237}},"6":{"start":{"line":7,"column":150},"end":{"line":7,"column":235}},"7":{"start":{"line":7,"column":207},"end":{"line":7,"column":207}},"8":{"start":{"line":7,"column":240},"end":{"line":7,"column":240}},"9":{"start":{"line":9,"column":0},"end":{"line":9,"column":0}},"10":{"start":{"line":11,"column":0},"end":{"line":11,"column":0}},"11":{"start":{"line":13,"column":0},"end":{"line":13,"column":0}},"12":{"start":{"line":15,"column":0},"end":{"line":15,"column":0}},"13":{"start":{"line":17,"column":0},"end":{"line":17,"column":95}},"14":{"start":{"line":17,"column":39},"end":{"line":17,"column":39}},"15":{"start":{"line":19,"column":0},"end":{"line":19,"column":0}},"16":{"start":{"line":20,"column":0},"end":{"line":20,"column":0}},"17":{"start":{"line":22,"column":0},"end":{"line":22,"column":0}},"18":{"start":{"line":24,"column":0},"end":{"line":24,"column":0}},"19":{"start":{"line":26,"column":0},"end":{"line":26,"column":0}},"20":{"start":{"line":28,"column":0},"end":{"line":28,"column":0}},"21":{"start":{"line":34,"column":0},"end":{"line":34,"column":0}},"22":{"start":{"line":44,"column":0},"end":{"line":44,"column":0}},"23":{"start":{"line":45,"column":2},"end":{"line":45,"column":2}},"24":{"start":{"line":50,"column":2},"end":{"line":50,"column":2}},"25":{"start":{"line":69,"column":0},"end":{"line":69,"column":0}}},"branchMap":{"1":{"line":7,"type":"binary-expr","locations":[{"start":{"line":7,"column":15},"end":{"line":7,"column":15}},{"start":{"line":7,"column":32},"end":{"line":7,"column":0}}]},"2":{"line":10,"type":"if","locations":[{"start":{"line":7,"column":150},"end":{"line":7,"column":150}},{"start":{"line":7,"column":150},"end":{"line":7,"column":150}}]},"3":{"line":26,"type":"cond-expr","locations":[{"start":{"line":17,"column":70},"end":{"line":17,"column":46}},{"start":{"line":17,"column":76},"end":{"line":17,"column":39}}]},"4":{"line":26,"type":"binary-expr","locations":[{"start":{"line":17,"column":46},"end":{"line":17,"column":46}},{"start":{"line":17,"column":53},"end":{"line":17,"column":46}}]},"5":{"line":48,"type":"cond-expr","locations":[{"start":{"line":65,"column":13},"end":{"line":65,"column":4}},{"start":{"line":65,"column":120},"end":{"line":50,"column":9}}]}}},"/Users/ariel/code/react-amp-template/src/utils/innerHTML.js":{"path":"/Users/ariel/code/react-amp-template/src/utils/innerHTML.js","s":{"1":1,"2":1,"3":1},"b":{},"f":{"1":1},"fnMap":{"1":{"name":"(anonymous_1)","line":7,"loc":{"start":{"line":1,"column":0},"end":{"line":1,"column":0}}}},"statementMap":{"1":{"start":{"line":0,"column":0},"end":{"line":0,"column":0},"skip":true},"2":{"start":{"line":0,"column":0},"end":{"line":0,"column":0},"skip":true},"3":{"start":{"line":1,"column":0},"end":{"line":1,"column":0}}},"branchMap":{}},"/Users/ariel/code/react-amp-template/lib/server/index.js":{"path":"/Users/ariel/code/react-amp-template/lib/server/index.js","s":{"1":1,"2":1,"3":1,"4":1,"5":1,"6":1,"7":1,"8":1,"9":1,"10":1,"11":1,"12":1,"13":1,"14":1,"15":0,"16":1,"17":1,"18":1,"19":1,"20":1,"21":1,"22":1,"23":0,"24":1,"25":1,"26":0,"27":0,"28":1,"29":1,"30":1,"31":1,"32":1,"33":1,"34":0,"35":0,"36":0,"37":0,"38":0,"39":0,"40":1,"41":1},"b":{"1":[1,1],"2":[1,0],"3":[1,0],"4":[0,1],"5":[0,1],"6":[1,1],"7":[0,1],"8":[0,0]},"f":{"1":1,"2":1,"3":1,"4":1,"5":1,"6":0,"7":1,"8":1,"9":0,"10":0},"fnMap":{"1":{"name":"(anonymous_1)","line":7,"loc":{"start":{"line":7,"column":19},"end":{"line":7,"column":31}}},"2":{"name":"defineProperties","line":8,"loc":{"start":{"line":7,"column":33},"end":{"line":7,"column":74}}},"3":{"name":"(anonymous_3)","line":12,"loc":{"start":{"line":7,"column":357},"end":{"line":7,"column":405}}},"4":{"name":"_interopRequireDefault","line":22,"loc":{"start":{"line":14,"column":0},"end":{"line":14,"column":37}}},"5":{"name":"_classCallCheck","line":26,"loc":{"start":{"line":16,"column":0},"end":{"line":16,"column":48}}},"6":{"name":"requestHandler","line":34,"loc":{"start":{"line":20,"column":21},"end":{"line":20,"column":64}}},"7":{"name":"(anonymous_7)","line":39,"loc":{"start":{"line":25,"column":13},"end":{"line":25,"column":25}}},"8":{"name":"_class","line":40,"loc":{"start":{"line":26,"column":2},"end":{"line":26,"column":26}}},"9":{"name":"start","line":49,"loc":{"start":{"line":35,"column":11},"end":{"line":35,"column":28}}},"10":{"name":"(anonymous_10)","line":52,"loc":{"start":{"line":38,"column":40},"end":{"line":38,"column":55}}}},"statementMap":{"1":{"start":{"line":3,"column":0},"end":{"line":3,"column":0}},"2":{"start":{"line":0,"column":0},"end":{"line":0,"column":0},"skip":true},"3":{"start":{"line":7,"column":33},"end":{"line":7,"column":350}},"4":{"start":{"line":7,"column":76},"end":{"line":7,"column":347}},"5":{"start":{"line":7,"column":117},"end":{"line":7,"column":144}},"6":{"start":{"line":7,"column":144},"end":{"line":7,"column":200}},"7":{"start":{"line":7,"column":200},"end":{"line":7,"column":232}},"8":{"start":{"line":7,"column":232},"end":{"line":7,"column":287}},"9":{"start":{"line":7,"column":259},"end":{"line":7,"column":287}},"10":{"start":{"line":7,"column":287},"end":{"line":7,"column":287}},"11":{"start":{"line":7,"column":350},"end":{"line":7,"column":350}},"12":{"start":{"line":7,"column":407},"end":{"line":7,"column":476}},"13":{"start":{"line":7,"column":423},"end":{"line":7,"column":476}},"14":{"start":{"line":7,"column":476},"end":{"line":7,"column":537}},"15":{"start":{"line":7,"column":493},"end":{"line":7,"column":537}},"16":{"start":{"line":7,"column":537},"end":{"line":7,"column":537}},"17":{"start":{"line":10,"column":0},"end":{"line":10,"column":0}},"18":{"start":{"line":12,"column":0},"end":{"line":12,"column":0}},"19":{"start":{"line":14,"column":0},"end":{"line":14,"column":95}},"20":{"start":{"line":14,"column":39},"end":{"line":14,"column":39}},"21":{"start":{"line":16,"column":0},"end":{"line":16,"column":153}},"22":{"start":{"line":16,"column":50},"end":{"line":16,"column":151}},"23":{"start":{"line":16,"column":92},"end":{"line":16,"column":92}},"24":{"start":{"line":18,"column":0},"end":{"line":18,"column":0}},"25":{"start":{"line":20,"column":0},"end":{"line":20,"column":0}},"26":{"start":{"line":21,"column":2},"end":{"line":21,"column":2}},"27":{"start":{"line":22,"column":2},"end":{"line":22,"column":2}},"28":{"start":{"line":25,"column":0},"end":{"line":25,"column":0}},"29":{"start":{"line":26,"column":2},"end":{"line":31,"column":3}},"30":{"start":{"line":27,"column":4},"end":{"line":27,"column":4}},"31":{"start":{"line":29,"column":4},"end":{"line":29,"column":4}},"32":{"start":{"line":30,"column":4},"end":{"line":30,"column":4}},"33":{"start":{"line":33,"column":2},"end":{"line":33,"column":2}},"34":{"start":{"line":36,"column":6},"end":{"line":36,"column":6}},"35":{"start":{"line":38,"column":6},"end":{"line":38,"column":6}},"36":{"start":{"line":39,"column":8},"end":{"line":41,"column":9}},"37":{"start":{"line":40,"column":10},"end":{"line":40,"column":10}},"38":{"start":{"line":43,"column":8},"end":{"line":43,"column":8}},"39":{"start":{"line":44,"column":8},"end":{"line":44,"column":8}},"40":{"start":{"line":49,"column":2},"end":{"line":49,"column":2}},"41":{"start":{"line":52,"column":0},"end":{"line":52,"column":0}}},"branchMap":{"1":{"line":10,"type":"binary-expr","locations":[{"start":{"line":7,"column":168},"end":{"line":7,"column":168}},{"start":{"line":7,"column":193},"end":{"line":7,"column":144}}]},"2":{"line":10,"type":"if","locations":[{"start":{"line":7,"column":232},"end":{"line":7,"column":232}},{"start":{"line":7,"column":232},"end":{"line":7,"column":232}}]},"3":{"line":13,"type":"if","locations":[{"start":{"line":7,"column":407},"end":{"line":7,"column":407}},{"start":{"line":7,"column":407},"end":{"line":7,"column":407}}]},"4":{"line":13,"type":"if","locations":[{"start":{"line":7,"column":476},"end":{"line":7,"column":476}},{"start":{"line":7,"column":476},"end":{"line":7,"column":476}}]},"5":{"line":23,"type":"cond-expr","locations":[{"start":{"line":14,"column":70},"end":{"line":14,"column":46}},{"start":{"line":14,"column":76},"end":{"line":14,"column":39}}]},"6":{"line":23,"type":"binary-expr","locations":[{"start":{"line":14,"column":46},"end":{"line":14,"column":46}},{"start":{"line":14,"column":53},"end":{"line":14,"column":46}}]},"7":{"line":27,"type":"if","locations":[{"start":{"line":16,"column":50},"end":{"line":16,"column":50}},{"start":{"line":16,"column":50},"end":{"line":16,"column":50}}]},"8":{"line":53,"type":"if","locations":[{"start":{"line":39,"column":8},"end":{"line":39,"column":8}},{"start":{"line":39,"column":8},"end":{"line":39,"column":8}}]}}}}