{"/Users/ariel/projects/react-amp-template/lib/index.js":{"path":"/Users/ariel/projects/react-amp-template/lib/index.js","s":{"1":1,"2":1,"3":1,"4":1,"5":1,"6":1,"7":1,"8":1,"9":1,"10":3,"11":1,"12":1,"13":1,"14":1,"15":1},"b":{"1":[3,0],"2":[3,3]},"f":{"1":3},"fnMap":{"1":{"name":"_interopRequireDefault","line":20,"loc":{"start":{"line":20,"column":0},"end":{"line":20,"column":37}}}},"statementMap":{"1":{"start":{"line":3,"column":0},"end":{"line":3,"column":0}},"2":{"start":{"line":6,"column":0},"end":{"line":6,"column":0}},"3":{"start":{"line":8,"column":0},"end":{"line":8,"column":0}},"4":{"start":{"line":10,"column":0},"end":{"line":10,"column":0}},"5":{"start":{"line":12,"column":0},"end":{"line":12,"column":0}},"6":{"start":{"line":14,"column":0},"end":{"line":14,"column":0}},"7":{"start":{"line":16,"column":0},"end":{"line":16,"column":0}},"8":{"start":{"line":18,"column":0},"end":{"line":18,"column":0}},"9":{"start":{"line":20,"column":0},"end":{"line":20,"column":95}},"10":{"start":{"line":20,"column":39},"end":{"line":20,"column":39}},"11":{"start":{"line":24,"column":0},"end":{"line":24,"column":0}},"12":{"start":{"line":35,"column":0},"end":{"line":35,"column":0}},"13":{"start":{"line":45,"column":0},"end":{"line":45,"column":0}},"14":{"start":{"line":57,"column":0},"end":{"line":57,"column":0}},"15":{"start":{"line":58,"column":0},"end":{"line":58,"column":0}}},"branchMap":{"1":{"line":21,"type":"cond-expr","locations":[{"start":{"line":20,"column":70},"end":{"line":20,"column":46}},{"start":{"line":20,"column":76},"end":{"line":20,"column":39}}]},"2":{"line":21,"type":"binary-expr","locations":[{"start":{"line":20,"column":46},"end":{"line":20,"column":46}},{"start":{"line":20,"column":53},"end":{"line":20,"column":46}}]}}},"/Users/ariel/projects/react-amp-template/lib/core/index.js":{"path":"/Users/ariel/projects/react-amp-template/lib/core/index.js","s":{"1":1,"2":1,"3":0,"4":0,"5":0,"6":0,"7":0,"8":0,"9":1,"10":1,"11":1,"12":5,"13":5,"14":5,"15":5,"16":5,"17":5,"18":1,"19":1,"20":1,"21":1,"22":0,"23":1,"24":1,"25":1,"26":1,"27":1,"28":1,"29":1,"30":1,"31":1,"32":1,"33":1,"34":1,"35":1,"36":1,"37":1,"38":1,"39":1,"40":1,"41":1,"42":1,"43":8,"44":1,"45":1,"46":0,"47":1,"48":1,"49":1,"50":1,"51":1,"52":1,"53":1,"54":1,"55":1,"56":1,"57":1,"58":1,"59":1,"60":1,"61":1,"62":1,"63":1,"64":1,"65":1,"66":1,"67":1,"68":1,"69":1,"70":1,"71":1,"72":1,"73":1,"74":0,"75":0,"76":0,"77":0,"78":0,"79":0,"80":0,"81":0,"82":0,"83":0,"84":1,"85":1,"86":1,"87":1,"88":1,"89":1,"90":1,"91":1,"92":1,"93":1,"94":1,"95":1},"b":{"1":[1,0],"2":[0,0],"3":[5,5],"4":[5,0],"5":[1,0],"6":[0,1],"7":[5,3],"8":[8,8],"9":[0,1],"10":[1,0]},"f":{"1":0,"2":1,"3":1,"4":1,"5":8,"6":1,"7":1,"8":1,"9":1,"10":1,"11":1,"12":1,"13":0,"14":0,"15":1,"16":1,"17":1,"18":1,"19":1},"fnMap":{"1":{"name":"(anonymous_1)","line":7,"loc":{"start":{"line":7,"column":32},"end":{"line":7,"column":50}}},"2":{"name":"(anonymous_2)","line":17,"loc":{"start":{"line":9,"column":19},"end":{"line":9,"column":31}}},"3":{"name":"defineProperties","line":18,"loc":{"start":{"line":9,"column":33},"end":{"line":9,"column":74}}},"4":{"name":"(anonymous_4)","line":22,"loc":{"start":{"line":9,"column":357},"end":{"line":9,"column":405}}},"5":{"name":"_interopRequireDefault","line":63,"loc":{"start":{"line":47,"column":0},"end":{"line":47,"column":37}}},"6":{"name":"_classCallCheck","line":67,"loc":{"start":{"line":49,"column":0},"end":{"line":49,"column":48}}},"7":{"name":"(anonymous_7)","line":84,"loc":{"start":{"line":62,"column":11},"end":{"line":62,"column":23}}},"8":{"name":"Core","line":85,"loc":{"start":{"line":63,"column":2},"end":{"line":63,"column":25}}},"9":{"name":"aphrodite","line":105,"loc":{"start":{"line":84,"column":11},"end":{"line":84,"column":41}}},"10":{"name":"(anonymous_10)","line":107,"loc":{"start":{"line":86,"column":56},"end":{"line":86,"column":68}}},"11":{"name":"render","line":124,"loc":{"start":{"line":103,"column":11},"end":{"line":103,"column":46}}},"12":{"name":"(anonymous_12)","line":129,"loc":{"start":{"line":108,"column":25},"end":{"line":108,"column":52}}},"13":{"name":"renderToFile","line":160,"loc":{"start":{"line":139,"column":11},"end":{"line":139,"column":39}}},"14":{"name":"(anonymous_14)","line":165,"loc":{"start":{"line":144,"column":52},"end":{"line":144,"column":76}}},"15":{"name":"getValidator","line":177,"loc":{"start":{"line":156,"column":11},"end":{"line":156,"column":35}}},"16":{"name":"(anonymous_16)","line":181,"loc":{"start":{"line":160,"column":55},"end":{"line":160,"column":75}}},"17":{"name":"(anonymous_17)","line":183,"loc":{"start":{"line":162,"column":14},"end":{"line":162,"column":26}}},"18":{"name":"validateMarkup","line":189,"loc":{"start":{"line":168,"column":11},"end":{"line":168,"column":43}}},"19":{"name":"(anonymous_19)","line":193,"loc":{"start":{"line":172,"column":38},"end":{"line":172,"column":50}}}},"statementMap":{"1":{"start":{"line":3,"column":0},"end":{"line":3,"column":0}},"2":{"start":{"line":7,"column":0},"end":{"line":7,"column":0}},"3":{"start":{"line":7,"column":52},"end":{"line":7,"column":240}},"4":{"start":{"line":7,"column":97},"end":{"line":7,"column":124}},"5":{"start":{"line":7,"column":124},"end":{"line":7,"column":237}},"6":{"start":{"line":7,"column":150},"end":{"line":7,"column":235}},"7":{"start":{"line":7,"column":207},"end":{"line":7,"column":207}},"8":{"start":{"line":7,"column":240},"end":{"line":7,"column":240}},"9":{"start":{"line":9,"column":0},"end":{"line":9,"column":0}},"10":{"start":{"line":9,"column":33},"end":{"line":9,"column":350}},"11":{"start":{"line":9,"column":76},"end":{"line":9,"column":347}},"12":{"start":{"line":9,"column":117},"end":{"line":9,"column":144}},"13":{"start":{"line":9,"column":144},"end":{"line":9,"column":200}},"14":{"start":{"line":9,"column":200},"end":{"line":9,"column":232}},"15":{"start":{"line":9,"column":232},"end":{"line":9,"column":287}},"16":{"start":{"line":9,"column":259},"end":{"line":9,"column":287}},"17":{"start":{"line":9,"column":287},"end":{"line":9,"column":287}},"18":{"start":{"line":9,"column":350},"end":{"line":9,"column":350}},"19":{"start":{"line":9,"column":407},"end":{"line":9,"column":476}},"20":{"start":{"line":9,"column":423},"end":{"line":9,"column":476}},"21":{"start":{"line":9,"column":476},"end":{"line":9,"column":537}},"22":{"start":{"line":9,"column":493},"end":{"line":9,"column":537}},"23":{"start":{"line":9,"column":537},"end":{"line":9,"column":537}},"24":{"start":{"line":11,"column":0},"end":{"line":11,"column":0}},"25":{"start":{"line":13,"column":0},"end":{"line":13,"column":0}},"26":{"start":{"line":15,"column":0},"end":{"line":15,"column":0}},"27":{"start":{"line":17,"column":0},"end":{"line":17,"column":0}},"28":{"start":{"line":19,"column":0},"end":{"line":19,"column":0}},"29":{"start":{"line":21,"column":0},"end":{"line":21,"column":0}},"30":{"start":{"line":23,"column":0},"end":{"line":23,"column":0}},"31":{"start":{"line":25,"column":0},"end":{"line":25,"column":0}},"32":{"start":{"line":27,"column":0},"end":{"line":27,"column":0}},"33":{"start":{"line":29,"column":0},"end":{"line":29,"column":0}},"34":{"start":{"line":31,"column":0},"end":{"line":31,"column":0}},"35":{"start":{"line":33,"column":0},"end":{"line":33,"column":0}},"36":{"start":{"line":35,"column":0},"end":{"line":35,"column":0}},"37":{"start":{"line":37,"column":0},"end":{"line":37,"column":0}},"38":{"start":{"line":39,"column":0},"end":{"line":39,"column":0}},"39":{"start":{"line":41,"column":0},"end":{"line":41,"column":0}},"40":{"start":{"line":43,"column":0},"end":{"line":43,"column":0}},"41":{"start":{"line":45,"column":0},"end":{"line":45,"column":0}},"42":{"start":{"line":47,"column":0},"end":{"line":47,"column":95}},"43":{"start":{"line":47,"column":39},"end":{"line":47,"column":39}},"44":{"start":{"line":49,"column":0},"end":{"line":49,"column":153}},"45":{"start":{"line":49,"column":50},"end":{"line":49,"column":151}},"46":{"start":{"line":49,"column":92},"end":{"line":49,"column":92}},"47":{"start":{"line":51,"column":0},"end":{"line":51,"column":0}},"48":{"start":{"line":62,"column":0},"end":{"line":62,"column":0}},"49":{"start":{"line":63,"column":2},"end":{"line":72,"column":3}},"50":{"start":{"line":64,"column":4},"end":{"line":64,"column":4}},"51":{"start":{"line":66,"column":4},"end":{"line":66,"column":4}},"52":{"start":{"line":67,"column":4},"end":{"line":67,"column":4}},"53":{"start":{"line":68,"column":4},"end":{"line":68,"column":4}},"54":{"start":{"line":69,"column":4},"end":{"line":69,"column":4}},"55":{"start":{"line":70,"column":4},"end":{"line":70,"column":4}},"56":{"start":{"line":71,"column":4},"end":{"line":71,"column":4}},"57":{"start":{"line":82,"column":2},"end":{"line":82,"column":2}},"58":{"start":{"line":85,"column":6},"end":{"line":85,"column":6}},"59":{"start":{"line":86,"column":6},"end":{"line":86,"column":6}},"60":{"start":{"line":87,"column":8},"end":{"line":87,"column":8}},"61":{"start":{"line":104,"column":6},"end":{"line":104,"column":6}},"62":{"start":{"line":106,"column":6},"end":{"line":106,"column":6}},"63":{"start":{"line":107,"column":6},"end":{"line":107,"column":6}},"64":{"start":{"line":108,"column":6},"end":{"line":108,"column":6}},"65":{"start":{"line":109,"column":8},"end":{"line":134,"column":9}},"66":{"start":{"line":110,"column":10},"end":{"line":110,"column":10}},"67":{"start":{"line":114,"column":10},"end":{"line":114,"column":10}},"68":{"start":{"line":115,"column":10},"end":{"line":115,"column":10}},"69":{"start":{"line":116,"column":10},"end":{"line":116,"column":10}},"70":{"start":{"line":118,"column":10},"end":{"line":118,"column":10}},"71":{"start":{"line":127,"column":10},"end":{"line":130,"column":11}},"72":{"start":{"line":128,"column":12},"end":{"line":128,"column":12}},"73":{"start":{"line":129,"column":12},"end":{"line":129,"column":12}},"74":{"start":{"line":131,"column":10},"end":{"line":131,"column":10}},"75":{"start":{"line":133,"column":10},"end":{"line":133,"column":10}},"76":{"start":{"line":140,"column":6},"end":{"line":142,"column":7}},"77":{"start":{"line":141,"column":8},"end":{"line":141,"column":8}},"78":{"start":{"line":144,"column":6},"end":{"line":144,"column":6}},"79":{"start":{"line":145,"column":8},"end":{"line":145,"column":8}},"80":{"start":{"line":146,"column":8},"end":{"line":151,"column":9}},"81":{"start":{"line":147,"column":10},"end":{"line":147,"column":10}},"82":{"start":{"line":148,"column":10},"end":{"line":148,"column":10}},"83":{"start":{"line":150,"column":10},"end":{"line":150,"column":10}},"84":{"start":{"line":157,"column":6},"end":{"line":157,"column":6}},"85":{"start":{"line":159,"column":6},"end":{"line":159,"column":6}},"86":{"start":{"line":160,"column":6},"end":{"line":160,"column":6}},"87":{"start":{"line":161,"column":8},"end":{"line":161,"column":8}},"88":{"start":{"line":163,"column":8},"end":{"line":163,"column":8}},"89":{"start":{"line":169,"column":6},"end":{"line":169,"column":6}},"90":{"start":{"line":171,"column":6},"end":{"line":171,"column":6}},"91":{"start":{"line":172,"column":6},"end":{"line":172,"column":6}},"92":{"start":{"line":173,"column":8},"end":{"line":173,"column":8}},"93":{"start":{"line":174,"column":8},"end":{"line":174,"column":8}},"94":{"start":{"line":179,"column":2},"end":{"line":179,"column":2}},"95":{"start":{"line":182,"column":0},"end":{"line":182,"column":0}}},"branchMap":{"1":{"line":7,"type":"binary-expr","locations":[{"start":{"line":7,"column":15},"end":{"line":7,"column":15}},{"start":{"line":7,"column":32},"end":{"line":7,"column":0}}]},"2":{"line":10,"type":"if","locations":[{"start":{"line":7,"column":150},"end":{"line":7,"column":150}},{"start":{"line":7,"column":150},"end":{"line":7,"column":150}}]},"3":{"line":20,"type":"binary-expr","locations":[{"start":{"line":9,"column":168},"end":{"line":9,"column":168}},{"start":{"line":9,"column":193},"end":{"line":9,"column":144}}]},"4":{"line":20,"type":"if","locations":[{"start":{"line":9,"column":232},"end":{"line":9,"column":232}},{"start":{"line":9,"column":232},"end":{"line":9,"column":232}}]},"5":{"line":23,"type":"if","locations":[{"start":{"line":9,"column":407},"end":{"line":9,"column":407}},{"start":{"line":9,"column":407},"end":{"line":9,"column":407}}]},"6":{"line":23,"type":"if","locations":[{"start":{"line":9,"column":476},"end":{"line":9,"column":476}},{"start":{"line":9,"column":476},"end":{"line":9,"column":476}}]},"7":{"line":64,"type":"cond-expr","locations":[{"start":{"line":47,"column":70},"end":{"line":47,"column":46}},{"start":{"line":47,"column":76},"end":{"line":47,"column":39}}]},"8":{"line":64,"type":"binary-expr","locations":[{"start":{"line":47,"column":46},"end":{"line":47,"column":46}},{"start":{"line":47,"column":53},"end":{"line":47,"column":46}}]},"9":{"line":68,"type":"if","locations":[{"start":{"line":49,"column":50},"end":{"line":49,"column":50}},{"start":{"line":49,"column":50},"end":{"line":49,"column":50}}]},"10":{"line":148,"type":"if","locations":[{"start":{"line":127,"column":10},"end":{"line":127,"column":10}},{"start":{"line":127,"column":10},"end":{"line":127,"column":10}}]}}},"/Users/ariel/projects/react-amp-template/lib/core/customScripts.js":{"path":"/Users/ariel/projects/react-amp-template/lib/core/customScripts.js","s":{"1":1,"2":1,"3":1,"4":1,"5":1,"6":1,"7":2,"8":1,"9":1,"10":1,"11":1,"12":1,"13":1,"14":1,"15":1,"16":1,"17":0,"18":1,"19":1,"20":1,"21":1,"22":1,"23":1,"24":1,"25":1,"26":1,"27":2,"28":2,"29":2,"30":2,"31":2,"32":2,"33":2,"34":1,"35":1},"b":{"1":[1,1],"2":[2,2],"3":[1,0],"4":[1,0],"5":[0,1],"6":[0,1],"7":[0,1]},"f":{"1":2,"2":1,"3":1,"4":1,"5":1,"6":2,"7":2},"fnMap":{"1":{"name":"_interopRequireDefault","line":15,"loc":{"start":{"line":15,"column":0},"end":{"line":15,"column":37}}},"2":{"name":"Script","line":25,"loc":{"start":{"line":23,"column":13},"end":{"line":23,"column":35}}},"3":{"name":"addScript","line":47,"loc":{"start":{"line":45,"column":16},"end":{"line":45,"column":50}}},"4":{"name":"CustomScripts","line":66,"loc":{"start":{"line":64,"column":20},"end":{"line":64,"column":52}}},"5":{"name":"(anonymous_5)","line":68,"loc":{"start":{"line":66,"column":21},"end":{"line":66,"column":39}}},"6":{"name":"(anonymous_6)","line":80,"loc":{"start":{"line":78,"column":28},"end":{"line":78,"column":40}}},"7":{"name":"(anonymous_7)","line":83,"loc":{"start":{"line":81,"column":28},"end":{"line":81,"column":51}}}},"statementMap":{"1":{"start":{"line":3,"column":0},"end":{"line":3,"column":0}},"2":{"start":{"line":7,"column":0},"end":{"line":7,"column":0}},"3":{"start":{"line":9,"column":0},"end":{"line":9,"column":0}},"4":{"start":{"line":11,"column":0},"end":{"line":11,"column":0}},"5":{"start":{"line":13,"column":0},"end":{"line":13,"column":0}},"6":{"start":{"line":15,"column":0},"end":{"line":15,"column":95}},"7":{"start":{"line":15,"column":39},"end":{"line":15,"column":39}},"8":{"start":{"line":17,"column":0},"end":{"line":17,"column":0}},"9":{"start":{"line":23,"column":0},"end":{"line":23,"column":0}},"10":{"start":{"line":24,"column":2},"end":{"line":24,"column":2}},"11":{"start":{"line":26,"column":2},"end":{"line":26,"column":2}},"12":{"start":{"line":38,"column":0},"end":{"line":38,"column":0}},"13":{"start":{"line":45,"column":0},"end":{"line":45,"column":0}},"14":{"start":{"line":46,"column":2},"end":{"line":51,"column":3}},"15":{"start":{"line":47,"column":4},"end":{"line":47,"column":4}},"16":{"start":{"line":48,"column":4},"end":{"line":48,"column":4}},"17":{"start":{"line":50,"column":4},"end":{"line":50,"column":4}},"18":{"start":{"line":64,"column":0},"end":{"line":64,"column":0}},"19":{"start":{"line":65,"column":2},"end":{"line":65,"column":2}},"20":{"start":{"line":66,"column":2},"end":{"line":66,"column":2}},"21":{"start":{"line":67,"column":4},"end":{"line":67,"column":4}},"22":{"start":{"line":68,"column":4},"end":{"line":68,"column":4}},"23":{"start":{"line":69,"column":4},"end":{"line":69,"column":4}},"24":{"start":{"line":70,"column":4},"end":{"line":70,"column":4}},"25":{"start":{"line":71,"column":4},"end":{"line":71,"column":4}},"26":{"start":{"line":78,"column":0},"end":{"line":78,"column":0}},"27":{"start":{"line":79,"column":2},"end":{"line":79,"column":2}},"28":{"start":{"line":80,"column":2},"end":{"line":80,"column":2}},"29":{"start":{"line":81,"column":2},"end":{"line":81,"column":2}},"30":{"start":{"line":82,"column":4},"end":{"line":82,"column":4}},"31":{"start":{"line":83,"column":4},"end":{"line":83,"column":4}},"32":{"start":{"line":85,"column":2},"end":{"line":85,"column":2}},"33":{"start":{"line":86,"column":2},"end":{"line":86,"column":2}},"34":{"start":{"line":89,"column":0},"end":{"line":89,"column":0}},"35":{"start":{"line":91,"column":0},"end":{"line":91,"column":0}}},"branchMap":{"1":{"line":16,"type":"cond-expr","locations":[{"start":{"line":15,"column":70},"end":{"line":15,"column":46}},{"start":{"line":15,"column":76},"end":{"line":15,"column":39}}]},"2":{"line":16,"type":"binary-expr","locations":[{"start":{"line":15,"column":46},"end":{"line":15,"column":46}},{"start":{"line":15,"column":53},"end":{"line":15,"column":46}}]},"3":{"line":48,"type":"if","locations":[{"start":{"line":46,"column":2},"end":{"line":46,"column":2}},{"start":{"line":46,"column":2},"end":{"line":46,"column":2}}]},"4":{"line":48,"type":"binary-expr","locations":[{"start":{"line":46,"column":6},"end":{"line":46,"column":6}},{"start":{"line":46,"column":38},"end":{"line":46,"column":2}}]},"5":{"line":67,"type":"cond-expr","locations":[{"start":{"line":65,"column":46},"end":{"line":65,"column":19}},{"start":{"line":65,"column":56},"end":{"line":65,"column":2}}]},"6":{"line":71,"type":"cond-expr","locations":[{"start":{"line":69,"column":35},"end":{"line":69,"column":15}},{"start":{"line":69,"column":47},"end":{"line":69,"column":4}}]},"7":{"line":72,"type":"cond-expr","locations":[{"start":{"line":70,"column":38},"end":{"line":70,"column":18}},{"start":{"line":70,"column":50},"end":{"line":70,"column":4}}]}}},"/Users/ariel/projects/react-amp-template/lib/core/defaults.js":{"path":"/Users/ariel/projects/react-amp-template/lib/core/defaults.js","s":{"1":1,"2":1,"3":1,"4":1,"5":1,"6":1,"7":1,"8":9},"b":{"1":[1,0],"2":[1,1]},"f":{"1":1,"2":9},"fnMap":{"1":{"name":"_interopRequireDefault","line":13,"loc":{"start":{"line":13,"column":0},"end":{"line":13,"column":37}}},"2":{"name":"isCustomAttribute","line":27,"loc":{"start":{"line":25,"column":23},"end":{"line":25,"column":65}}}},"statementMap":{"1":{"start":{"line":3,"column":0},"end":{"line":3,"column":0}},"2":{"start":{"line":7,"column":0},"end":{"line":7,"column":0}},"3":{"start":{"line":9,"column":0},"end":{"line":9,"column":0}},"4":{"start":{"line":11,"column":0},"end":{"line":11,"column":0}},"5":{"start":{"line":13,"column":0},"end":{"line":13,"column":95}},"6":{"start":{"line":13,"column":39},"end":{"line":13,"column":39}},"7":{"start":{"line":15,"column":0},"end":{"line":15,"column":0}},"8":{"start":{"line":26,"column":6},"end":{"line":26,"column":6}}},"branchMap":{"1":{"line":14,"type":"cond-expr","locations":[{"start":{"line":13,"column":70},"end":{"line":13,"column":46}},{"start":{"line":13,"column":76},"end":{"line":13,"column":39}}]},"2":{"line":14,"type":"binary-expr","locations":[{"start":{"line":13,"column":46},"end":{"line":13,"column":46}},{"start":{"line":13,"column":53},"end":{"line":13,"column":46}}]}}},"/Users/ariel/projects/react-amp-template/lib/template/defaults.js":{"path":"/Users/ariel/projects/react-amp-template/lib/template/defaults.js","s":{"1":1,"2":1},"b":{},"f":{},"fnMap":{},"statementMap":{"1":{"start":{"line":3,"column":0},"end":{"line":3,"column":0}},"2":{"start":{"line":6,"column":0},"end":{"line":6,"column":0}}},"branchMap":{}},"/Users/ariel/projects/react-amp-template/lib/core/customMetas.js":{"path":"/Users/ariel/projects/react-amp-template/lib/core/customMetas.js","s":{"1":1,"2":1,"3":1,"4":1,"5":1,"6":1,"7":1,"8":1,"9":2,"10":1,"11":1,"12":1,"13":1,"14":2,"15":0,"16":0,"17":1,"18":2,"19":1,"20":0,"21":1},"b":{"1":[0,1],"2":[1,1],"3":[1,0]},"f":{"1":1,"2":2,"3":1,"4":2,"5":2,"6":0},"fnMap":{"1":{"name":"_interopRequireDefault","line":11,"loc":{"start":{"line":11,"column":0},"end":{"line":11,"column":37}}},"2":{"name":"createMeta","line":20,"loc":{"start":{"line":18,"column":17},"end":{"line":18,"column":43}}},"3":{"name":"CustomMeta","line":29,"loc":{"start":{"line":27,"column":17},"end":{"line":27,"column":48}}},"4":{"name":"(anonymous_4)","line":32,"loc":{"start":{"line":30,"column":22},"end":{"line":30,"column":36}}},"5":{"name":"(anonymous_5)","line":41,"loc":{"start":{"line":39,"column":25},"end":{"line":39,"column":37}}},"6":{"name":"(anonymous_6)","line":45,"loc":{"start":{"line":43,"column":19},"end":{"line":43,"column":31}}}},"statementMap":{"1":{"start":{"line":3,"column":0},"end":{"line":3,"column":0}},"2":{"start":{"line":7,"column":0},"end":{"line":7,"column":0}},"3":{"start":{"line":9,"column":0},"end":{"line":9,"column":0}},"4":{"start":{"line":11,"column":0},"end":{"line":11,"column":95}},"5":{"start":{"line":11,"column":39},"end":{"line":11,"column":39}},"6":{"start":{"line":13,"column":0},"end":{"line":13,"column":0}},"7":{"start":{"line":16,"column":0},"end":{"line":16,"column":0}},"8":{"start":{"line":18,"column":0},"end":{"line":18,"column":0}},"9":{"start":{"line":19,"column":2},"end":{"line":19,"column":2}},"10":{"start":{"line":27,"column":0},"end":{"line":27,"column":0}},"11":{"start":{"line":28,"column":2},"end":{"line":36,"column":3}},"12":{"start":{"line":29,"column":4},"end":{"line":29,"column":4}},"13":{"start":{"line":30,"column":4},"end":{"line":30,"column":4}},"14":{"start":{"line":31,"column":6},"end":{"line":31,"column":6}},"15":{"start":{"line":34,"column":4},"end":{"line":34,"column":4}},"16":{"start":{"line":35,"column":4},"end":{"line":35,"column":4}},"17":{"start":{"line":39,"column":0},"end":{"line":39,"column":0}},"18":{"start":{"line":40,"column":2},"end":{"line":40,"column":2}},"19":{"start":{"line":43,"column":0},"end":{"line":43,"column":0}},"20":{"start":{"line":44,"column":2},"end":{"line":44,"column":2}},"21":{"start":{"line":47,"column":0},"end":{"line":47,"column":0}}},"branchMap":{"1":{"line":12,"type":"cond-expr","locations":[{"start":{"line":11,"column":70},"end":{"line":11,"column":46}},{"start":{"line":11,"column":76},"end":{"line":11,"column":39}}]},"2":{"line":12,"type":"binary-expr","locations":[{"start":{"line":11,"column":46},"end":{"line":11,"column":46}},{"start":{"line":11,"column":53},"end":{"line":11,"column":46}}]},"3":{"line":30,"type":"if","locations":[{"start":{"line":28,"column":2},"end":{"line":28,"column":2}},{"start":{"line":28,"column":2},"end":{"line":28,"column":2}}]}}},"/Users/ariel/projects/react-amp-template/lib/utils/ampvalidator.js":{"path":"/Users/ariel/projects/react-amp-template/lib/utils/ampvalidator.js","s":{"1":1,"2":1,"3":1,"4":1,"5":1,"6":1,"7":2,"8":1,"9":1,"10":1,"11":1,"12":1,"13":1,"14":0,"15":0,"16":0,"17":0,"18":1,"19":1,"20":1,"21":1,"22":1,"23":1,"24":1,"25":1},"b":{"1":[0,2],"2":[2,2],"3":[0,1],"4":[1,1],"5":[1,0]},"f":{"1":2,"2":1,"3":1,"4":0,"5":1},"fnMap":{"1":{"name":"_interopRequireDefault","line":15,"loc":{"start":{"line":15,"column":0},"end":{"line":15,"column":37}}},"2":{"name":"enhanceValidator","line":21,"loc":{"start":{"line":19,"column":23},"end":{"line":19,"column":57}}},"3":{"name":"validateMarkup","line":25,"loc":{"start":{"line":23,"column":20},"end":{"line":23,"column":66}}},"4":{"name":"(anonymous_4)","line":28,"loc":{"start":{"line":26,"column":40},"end":{"line":26,"column":57}}},"5":{"name":"getInstance","line":41,"loc":{"start":{"line":39,"column":18},"end":{"line":39,"column":41}}}},"statementMap":{"1":{"start":{"line":3,"column":0},"end":{"line":3,"column":0}},"2":{"start":{"line":7,"column":0},"end":{"line":7,"column":0}},"3":{"start":{"line":9,"column":0},"end":{"line":9,"column":0}},"4":{"start":{"line":11,"column":0},"end":{"line":11,"column":0}},"5":{"start":{"line":13,"column":0},"end":{"line":13,"column":0}},"6":{"start":{"line":15,"column":0},"end":{"line":15,"column":95}},"7":{"start":{"line":15,"column":39},"end":{"line":15,"column":39}},"8":{"start":{"line":17,"column":0},"end":{"line":17,"column":0}},"9":{"start":{"line":19,"column":0},"end":{"line":19,"column":0}},"10":{"start":{"line":20,"column":2},"end":{"line":20,"column":2}},"11":{"start":{"line":22,"column":2},"end":{"line":22,"column":2}},"12":{"start":{"line":24,"column":6},"end":{"line":24,"column":6}},"13":{"start":{"line":25,"column":6},"end":{"line":31,"column":7}},"14":{"start":{"line":26,"column":8},"end":{"line":26,"column":8}},"15":{"start":{"line":27,"column":10},"end":{"line":27,"column":10}},"16":{"start":{"line":29,"column":8},"end":{"line":29,"column":8}},"17":{"start":{"line":30,"column":8},"end":{"line":30,"column":8}},"18":{"start":{"line":32,"column":6},"end":{"line":32,"column":6}},"19":{"start":{"line":33,"column":6},"end":{"line":33,"column":6}},"20":{"start":{"line":38,"column":0},"end":{"line":38,"column":0}},"21":{"start":{"line":39,"column":0},"end":{"line":39,"column":0}},"22":{"start":{"line":40,"column":2},"end":{"line":42,"column":3}},"23":{"start":{"line":41,"column":4},"end":{"line":41,"column":4}},"24":{"start":{"line":43,"column":2},"end":{"line":43,"column":2}},"25":{"start":{"line":46,"column":0},"end":{"line":46,"column":0}}},"branchMap":{"1":{"line":16,"type":"cond-expr","locations":[{"start":{"line":15,"column":70},"end":{"line":15,"column":46}},{"start":{"line":15,"column":76},"end":{"line":15,"column":39}}]},"2":{"line":16,"type":"binary-expr","locations":[{"start":{"line":15,"column":46},"end":{"line":15,"column":46}},{"start":{"line":15,"column":53},"end":{"line":15,"column":46}}]},"3":{"line":27,"type":"if","locations":[{"start":{"line":25,"column":6},"end":{"line":25,"column":6}},{"start":{"line":25,"column":6},"end":{"line":25,"column":6}}]},"4":{"line":27,"type":"binary-expr","locations":[{"start":{"line":25,"column":10},"end":{"line":25,"column":10}},{"start":{"line":25,"column":27},"end":{"line":25,"column":6}}]},"5":{"line":42,"type":"if","locations":[{"start":{"line":40,"column":2},"end":{"line":40,"column":2}},{"start":{"line":40,"column":2},"end":{"line":40,"column":2}}]}}},"/Users/ariel/projects/react-amp-template/lib/template/index.js":{"path":"/Users/ariel/projects/react-amp-template/lib/template/index.js","s":{"1":1,"2":1,"3":0,"4":0,"5":0,"6":0,"7":0,"8":0,"9":1,"10":1,"11":1,"12":1,"13":1,"14":1,"15":1,"16":3,"17":1,"18":1,"19":1,"20":1,"21":1,"22":1},"b":{"1":[1,0],"2":[0,0],"3":[2,1],"4":[3,3],"5":[0,1]},"f":{"1":0,"2":3,"3":1},"fnMap":{"1":{"name":"(anonymous_1)","line":7,"loc":{"start":{"line":7,"column":32},"end":{"line":7,"column":50}}},"2":{"name":"_interopRequireDefault","line":29,"loc":{"start":{"line":21,"column":0},"end":{"line":21,"column":37}}},"3":{"name":"Template","line":35,"loc":{"start":{"line":25,"column":15},"end":{"line":25,"column":39}}}},"statementMap":{"1":{"start":{"line":3,"column":0},"end":{"line":3,"column":0}},"2":{"start":{"line":7,"column":0},"end":{"line":7,"column":0}},"3":{"start":{"line":7,"column":52},"end":{"line":7,"column":240}},"4":{"start":{"line":7,"column":97},"end":{"line":7,"column":124}},"5":{"start":{"line":7,"column":124},"end":{"line":7,"column":237}},"6":{"start":{"line":7,"column":150},"end":{"line":7,"column":235}},"7":{"start":{"line":7,"column":207},"end":{"line":7,"column":207}},"8":{"start":{"line":7,"column":240},"end":{"line":7,"column":240}},"9":{"start":{"line":9,"column":0},"end":{"line":9,"column":0}},"10":{"start":{"line":11,"column":0},"end":{"line":11,"column":0}},"11":{"start":{"line":13,"column":0},"end":{"line":13,"column":0}},"12":{"start":{"line":15,"column":0},"end":{"line":15,"column":0}},"13":{"start":{"line":17,"column":0},"end":{"line":17,"column":0}},"14":{"start":{"line":19,"column":0},"end":{"line":19,"column":0}},"15":{"start":{"line":21,"column":0},"end":{"line":21,"column":95}},"16":{"start":{"line":21,"column":39},"end":{"line":21,"column":39}},"17":{"start":{"line":23,"column":0},"end":{"line":23,"column":0}},"18":{"start":{"line":25,"column":0},"end":{"line":25,"column":0}},"19":{"start":{"line":26,"column":2},"end":{"line":26,"column":2}},"20":{"start":{"line":30,"column":2},"end":{"line":30,"column":2}},"21":{"start":{"line":35,"column":2},"end":{"line":35,"column":2}},"22":{"start":{"line":46,"column":0},"end":{"line":46,"column":0}}},"branchMap":{"1":{"line":7,"type":"binary-expr","locations":[{"start":{"line":7,"column":15},"end":{"line":7,"column":15}},{"start":{"line":7,"column":32},"end":{"line":7,"column":0}}]},"2":{"line":10,"type":"if","locations":[{"start":{"line":7,"column":150},"end":{"line":7,"column":150}},{"start":{"line":7,"column":150},"end":{"line":7,"column":150}}]},"3":{"line":30,"type":"cond-expr","locations":[{"start":{"line":21,"column":70},"end":{"line":21,"column":46}},{"start":{"line":21,"column":76},"end":{"line":21,"column":39}}]},"4":{"line":30,"type":"binary-expr","locations":[{"start":{"line":21,"column":46},"end":{"line":21,"column":46}},{"start":{"line":21,"column":53},"end":{"line":21,"column":46}}]},"5":{"line":43,"type":"cond-expr","locations":[{"start":{"line":33,"column":48},"end":{"line":33,"column":21}},{"start":{"line":33,"column":56},"end":{"line":33,"column":56}}]}}},"/Users/ariel/projects/react-amp-template/lib/utils/innerHTML.js":{"path":"/Users/ariel/projects/react-amp-template/lib/utils/innerHTML.js","s":{"1":1,"2":1,"3":2},"b":{},"f":{"1":2},"fnMap":{"1":{"name":"(anonymous_1)","line":7,"loc":{"start":{"line":7,"column":18},"end":{"line":7,"column":34}}}},"statementMap":{"1":{"start":{"line":3,"column":0},"end":{"line":3,"column":0}},"2":{"start":{"line":7,"column":0},"end":{"line":7,"column":0}},"3":{"start":{"line":8,"column":2},"end":{"line":8,"column":2}}},"branchMap":{}},"/Users/ariel/projects/react-amp-template/lib/template/Head.js":{"path":"/Users/ariel/projects/react-amp-template/lib/template/Head.js","s":{"1":1,"2":1,"3":1,"4":1,"5":1,"6":1,"7":1,"8":1,"9":1,"10":1,"11":1,"12":1,"13":1,"14":1,"15":1,"16":1},"b":{"1":[0,1],"2":[1,1],"3":[1,0]},"f":{"1":1,"2":1},"fnMap":{"1":{"name":"_interopRequireDefault","line":11,"loc":{"start":{"line":11,"column":0},"end":{"line":11,"column":37}}},"2":{"name":"Head","line":28,"loc":{"start":{"line":34,"column":11},"end":{"line":34,"column":31}}}},"statementMap":{"1":{"start":{"line":3,"column":0},"end":{"line":3,"column":0}},"2":{"start":{"line":7,"column":0},"end":{"line":7,"column":0}},"3":{"start":{"line":9,"column":0},"end":{"line":9,"column":0}},"4":{"start":{"line":11,"column":0},"end":{"line":11,"column":95}},"5":{"start":{"line":11,"column":39},"end":{"line":11,"column":39}},"6":{"start":{"line":13,"column":0},"end":{"line":13,"column":0}},"7":{"start":{"line":14,"column":0},"end":{"line":14,"column":0}},"8":{"start":{"line":16,"column":0},"end":{"line":16,"column":0}},"9":{"start":{"line":18,"column":0},"end":{"line":18,"column":0}},"10":{"start":{"line":20,"column":0},"end":{"line":20,"column":0}},"11":{"start":{"line":22,"column":0},"end":{"line":22,"column":0}},"12":{"start":{"line":28,"column":0},"end":{"line":28,"column":0}},"13":{"start":{"line":34,"column":0},"end":{"line":34,"column":0}},"14":{"start":{"line":35,"column":2},"end":{"line":35,"column":2}},"15":{"start":{"line":40,"column":2},"end":{"line":40,"column":2}},"16":{"start":{"line":69,"column":0},"end":{"line":69,"column":0}}},"branchMap":{"1":{"line":12,"type":"cond-expr","locations":[{"start":{"line":11,"column":70},"end":{"line":11,"column":46}},{"start":{"line":11,"column":76},"end":{"line":11,"column":39}}]},"2":{"line":12,"type":"binary-expr","locations":[{"start":{"line":11,"column":46},"end":{"line":11,"column":46}},{"start":{"line":11,"column":53},"end":{"line":11,"column":46}}]},"3":{"line":36,"type":"binary-expr","locations":[{"start":{"line":60,"column":4},"end":{"line":60,"column":4}},{"start":{"line":60,"column":20},"end":{"line":40,"column":9}}]}}},"/Users/ariel/projects/react-amp-template/lib/server/index.js":{"path":"/Users/ariel/projects/react-amp-template/lib/server/index.js","s":{"1":1,"2":1,"3":1,"4":1,"5":1,"6":1,"7":1,"8":1,"9":1,"10":1,"11":1,"12":1,"13":1,"14":1,"15":0,"16":1,"17":1,"18":1,"19":1,"20":1,"21":1,"22":1,"23":0,"24":1,"25":1,"26":0,"27":0,"28":1,"29":1,"30":1,"31":1,"32":1,"33":1,"34":0,"35":0,"36":0,"37":0,"38":0,"39":0,"40":1,"41":1},"b":{"1":[1,1],"2":[1,0],"3":[1,0],"4":[0,1],"5":[0,1],"6":[1,1],"7":[0,1],"8":[0,0]},"f":{"1":1,"2":1,"3":1,"4":1,"5":1,"6":0,"7":1,"8":1,"9":0,"10":0},"fnMap":{"1":{"name":"(anonymous_1)","line":7,"loc":{"start":{"line":7,"column":19},"end":{"line":7,"column":31}}},"2":{"name":"defineProperties","line":8,"loc":{"start":{"line":7,"column":33},"end":{"line":7,"column":74}}},"3":{"name":"(anonymous_3)","line":12,"loc":{"start":{"line":7,"column":357},"end":{"line":7,"column":405}}},"4":{"name":"_interopRequireDefault","line":22,"loc":{"start":{"line":14,"column":0},"end":{"line":14,"column":37}}},"5":{"name":"_classCallCheck","line":26,"loc":{"start":{"line":16,"column":0},"end":{"line":16,"column":48}}},"6":{"name":"requestHandler","line":34,"loc":{"start":{"line":20,"column":21},"end":{"line":20,"column":64}}},"7":{"name":"(anonymous_7)","line":39,"loc":{"start":{"line":25,"column":13},"end":{"line":25,"column":25}}},"8":{"name":"_class","line":40,"loc":{"start":{"line":26,"column":2},"end":{"line":26,"column":26}}},"9":{"name":"start","line":49,"loc":{"start":{"line":35,"column":11},"end":{"line":35,"column":28}}},"10":{"name":"(anonymous_10)","line":52,"loc":{"start":{"line":38,"column":40},"end":{"line":38,"column":55}}}},"statementMap":{"1":{"start":{"line":3,"column":0},"end":{"line":3,"column":0}},"2":{"start":{"line":0,"column":0},"end":{"line":0,"column":0},"skip":true},"3":{"start":{"line":7,"column":33},"end":{"line":7,"column":350}},"4":{"start":{"line":7,"column":76},"end":{"line":7,"column":347}},"5":{"start":{"line":7,"column":117},"end":{"line":7,"column":144}},"6":{"start":{"line":7,"column":144},"end":{"line":7,"column":200}},"7":{"start":{"line":7,"column":200},"end":{"line":7,"column":232}},"8":{"start":{"line":7,"column":232},"end":{"line":7,"column":287}},"9":{"start":{"line":7,"column":259},"end":{"line":7,"column":287}},"10":{"start":{"line":7,"column":287},"end":{"line":7,"column":287}},"11":{"start":{"line":7,"column":350},"end":{"line":7,"column":350}},"12":{"start":{"line":7,"column":407},"end":{"line":7,"column":476}},"13":{"start":{"line":7,"column":423},"end":{"line":7,"column":476}},"14":{"start":{"line":7,"column":476},"end":{"line":7,"column":537}},"15":{"start":{"line":7,"column":493},"end":{"line":7,"column":537}},"16":{"start":{"line":7,"column":537},"end":{"line":7,"column":537}},"17":{"start":{"line":10,"column":0},"end":{"line":10,"column":0}},"18":{"start":{"line":12,"column":0},"end":{"line":12,"column":0}},"19":{"start":{"line":14,"column":0},"end":{"line":14,"column":95}},"20":{"start":{"line":14,"column":39},"end":{"line":14,"column":39}},"21":{"start":{"line":16,"column":0},"end":{"line":16,"column":153}},"22":{"start":{"line":16,"column":50},"end":{"line":16,"column":151}},"23":{"start":{"line":16,"column":92},"end":{"line":16,"column":92}},"24":{"start":{"line":18,"column":0},"end":{"line":18,"column":0}},"25":{"start":{"line":20,"column":0},"end":{"line":20,"column":0}},"26":{"start":{"line":21,"column":2},"end":{"line":21,"column":2}},"27":{"start":{"line":22,"column":2},"end":{"line":22,"column":2}},"28":{"start":{"line":25,"column":0},"end":{"line":25,"column":0}},"29":{"start":{"line":26,"column":2},"end":{"line":31,"column":3}},"30":{"start":{"line":27,"column":4},"end":{"line":27,"column":4}},"31":{"start":{"line":29,"column":4},"end":{"line":29,"column":4}},"32":{"start":{"line":30,"column":4},"end":{"line":30,"column":4}},"33":{"start":{"line":33,"column":2},"end":{"line":33,"column":2}},"34":{"start":{"line":36,"column":6},"end":{"line":36,"column":6}},"35":{"start":{"line":38,"column":6},"end":{"line":38,"column":6}},"36":{"start":{"line":39,"column":8},"end":{"line":41,"column":9}},"37":{"start":{"line":40,"column":10},"end":{"line":40,"column":10}},"38":{"start":{"line":43,"column":8},"end":{"line":43,"column":8}},"39":{"start":{"line":44,"column":8},"end":{"line":44,"column":8}},"40":{"start":{"line":49,"column":2},"end":{"line":49,"column":2}},"41":{"start":{"line":52,"column":0},"end":{"line":52,"column":0}}},"branchMap":{"1":{"line":10,"type":"binary-expr","locations":[{"start":{"line":7,"column":168},"end":{"line":7,"column":168}},{"start":{"line":7,"column":193},"end":{"line":7,"column":144}}]},"2":{"line":10,"type":"if","locations":[{"start":{"line":7,"column":232},"end":{"line":7,"column":232}},{"start":{"line":7,"column":232},"end":{"line":7,"column":232}}]},"3":{"line":13,"type":"if","locations":[{"start":{"line":7,"column":407},"end":{"line":7,"column":407}},{"start":{"line":7,"column":407},"end":{"line":7,"column":407}}]},"4":{"line":13,"type":"if","locations":[{"start":{"line":7,"column":476},"end":{"line":7,"column":476}},{"start":{"line":7,"column":476},"end":{"line":7,"column":476}}]},"5":{"line":23,"type":"cond-expr","locations":[{"start":{"line":14,"column":70},"end":{"line":14,"column":46}},{"start":{"line":14,"column":76},"end":{"line":14,"column":39}}]},"6":{"line":23,"type":"binary-expr","locations":[{"start":{"line":14,"column":46},"end":{"line":14,"column":46}},{"start":{"line":14,"column":53},"end":{"line":14,"column":46}}]},"7":{"line":27,"type":"if","locations":[{"start":{"line":16,"column":50},"end":{"line":16,"column":50}},{"start":{"line":16,"column":50},"end":{"line":16,"column":50}}]},"8":{"line":53,"type":"if","locations":[{"start":{"line":39,"column":8},"end":{"line":39,"column":8}},{"start":{"line":39,"column":8},"end":{"line":39,"column":8}}]}}}}