TN:
SF:/Users/ariel/code/react-amp-template/lib/index.js
FN:16,_interopRequireWildcard
FN:28,_interopRequireDefault
FNF:2
FNH:2
FNDA:1,_interopRequireWildcard
FNDA:1,_interopRequireDefault
DA:3,1
DA:6,1
DA:8,1
DA:10,1
DA:12,1
DA:14,1
DA:16,1
DA:18,1
DA:20,1
DA:21,1
DA:23,1
LF:11
LH:11
BRDA:17,1,0,1
BRDA:17,1,1,0
BRDA:17,2,0,1
BRDA:17,2,1,1
BRDA:20,3,0,0
BRDA:20,3,1,0
BRDA:22,4,0,0
BRDA:22,4,1,0
BRDA:29,5,0,1
BRDA:29,5,1,0
BRDA:29,6,0,1
BRDA:29,6,1,1
BRF:12
BRH:6
end_of_record
TN:
SF:/Users/ariel/code/react-amp-template/lib/core/index.js
FN:3,(anonymous_1)
FN:3,(anonymous_2)
FN:9,(anonymous_3)
FN:11,(anonymous_4)
FN:15,(anonymous_5)
FN:25,(anonymous_6)
FN:26,defineProperties
FN:30,(anonymous_8)
FN:69,_interopRequireDefault
FN:73,_classCallCheck
FN:91,(anonymous_11)
FN:92,Core
FN:123,aphrodite
FN:125,(anonymous_14)
FN:142,renderStatic
FN:147,(anonymous_16)
FN:149,(anonymous_17)
FN:173,(anonymous_18)
FN:203,renderToFile
FN:208,(anonymous_20)
FN:220,getValidator
FN:224,(anonymous_22)
FN:226,(anonymous_23)
FN:232,validateMarkup
FN:236,(anonymous_25)
FNF:25
FNH:20
FNDA:2,(anonymous_1)
FNDA:0,(anonymous_2)
FNDA:1,(anonymous_3)
FNDA:0,(anonymous_4)
FNDA:0,(anonymous_5)
FNDA:1,(anonymous_6)
FNDA:1,defineProperties
FNDA:1,(anonymous_8)
FNDA:7,_interopRequireDefault
FNDA:1,_classCallCheck
FNDA:1,(anonymous_11)
FNDA:1,Core
FNDA:1,aphrodite
FNDA:1,(anonymous_14)
FNDA:1,renderStatic
FNDA:1,(anonymous_16)
FNDA:1,(anonymous_17)
FNDA:0,(anonymous_18)
FNDA:0,renderToFile
FNDA:0,(anonymous_20)
FNDA:1,getValidator
FNDA:1,(anonymous_22)
FNDA:1,(anonymous_23)
FNDA:1,validateMarkup
FNDA:1,(anonymous_25)
DA:0,2
DA:3,1
DA:7,1
DA:9,1
DA:11,5
DA:13,1
DA:15,1
DA:17,1
DA:19,1
DA:21,1
DA:23,1
DA:25,1
DA:27,1
DA:29,1
DA:31,1
DA:33,1
DA:35,1
DA:37,1
DA:39,1
DA:41,1
DA:43,1
DA:45,1
DA:47,7
DA:49,1
DA:51,1
DA:53,1
DA:63,1
DA:64,1
DA:65,1
DA:67,1
DA:71,1
DA:72,1
DA:73,1
DA:74,1
DA:75,1
DA:77,0
DA:80,1
DA:81,1
DA:82,1
DA:83,1
DA:94,1
DA:97,1
DA:98,1
DA:99,1
DA:116,1
DA:118,1
DA:120,1
DA:121,1
DA:122,1
DA:123,1
DA:127,1
DA:129,1
DA:139,1
DA:140,1
DA:143,1
DA:144,1
DA:145,1
DA:147,0
DA:151,0
DA:156,1
DA:158,0
DA:177,0
DA:178,0
DA:181,0
DA:182,0
DA:183,0
DA:184,0
DA:185,0
DA:187,0
DA:194,1
DA:196,1
DA:197,1
DA:198,1
DA:200,1
DA:206,1
DA:208,1
DA:209,1
DA:210,1
DA:211,1
DA:216,1
DA:219,1
LF:81
LH:69
BRDA:3,1,0,1
BRDA:3,1,1,0
BRDA:3,2,0,1
BRDA:3,2,1,1
BRDA:3,3,0,0
BRDA:3,3,1,0
BRDA:3,4,0,0
BRDA:3,4,1,0
BRDA:3,4,2,0
BRDA:3,4,3,0
BRDA:9,5,0,1
BRDA:9,5,1,0
BRDA:9,6,0,1
BRDA:9,6,1,1
BRDA:10,7,0,0
BRDA:10,7,1,1
BRDA:12,8,0,0
BRDA:12,8,1,0
BRDA:12,9,0,0
BRDA:12,9,1,0
BRDA:12,9,2,0
BRDA:12,9,3,0
BRDA:12,10,0,0
BRDA:12,10,1,0
BRDA:15,11,0,1
BRDA:15,11,1,0
BRDA:18,12,0,0
BRDA:18,12,1,0
BRDA:28,13,0,5
BRDA:28,13,1,5
BRDA:28,14,0,5
BRDA:28,14,1,0
BRDA:31,15,0,1
BRDA:31,15,1,0
BRDA:31,16,0,0
BRDA:31,16,1,1
BRDA:70,17,0,4
BRDA:70,17,1,3
BRDA:70,18,0,7
BRDA:70,18,1,7
BRDA:74,19,0,0
BRDA:74,19,1,1
BRDA:100,20,0,1
BRDA:100,20,1,0
BRDA:166,21,0,1
BRDA:166,21,1,0
BRDA:170,22,0,1
BRDA:170,22,1,0
BRDA:183,23,0,1
BRDA:183,23,1,0
BRDA:183,24,0,0
BRDA:183,24,1,1
BRF:52
BRH:30
end_of_record
TN:
SF:/Users/ariel/code/react-amp-template/lib/core/Tags.js
FN:8,(anonymous_1)
FN:34,_interopRequireDefault
FN:38,_classCallCheck
FN:50,Tags
FN:74,addScript
FN:76,(anonymous_6)
FN:93,getScripts
FN:96,(anonymous_8)
FN:105,addMeta
FN:107,(anonymous_10)
FN:116,getMetas
FN:117,(anonymous_12)
FNF:12
FNH:11
FNDA:0,(anonymous_1)
FNDA:4,_interopRequireDefault
FNDA:1,_classCallCheck
FNDA:1,Tags
FNDA:1,addScript
FNDA:1,(anonymous_6)
FNDA:1,getScripts
FNDA:1,(anonymous_8)
FNDA:1,addMeta
FNDA:2,(anonymous_10)
FNDA:1,getMetas
FNDA:2,(anonymous_12)
DA:3,1
DA:6,1
DA:8,1
DA:10,1
DA:12,1
DA:14,1
DA:16,1
DA:18,1
DA:20,1
DA:22,1
DA:24,1
DA:26,4
DA:28,1
DA:30,1
DA:32,1
DA:33,1
DA:34,1
DA:36,1
DA:37,1
DA:39,1
DA:45,1
DA:46,1
DA:61,1
DA:62,1
DA:63,1
DA:64,1
DA:65,1
DA:66,1
DA:68,1
DA:69,1
DA:70,1
DA:72,0
DA:80,1
DA:81,1
DA:82,1
DA:83,1
DA:84,1
DA:85,1
DA:87,1
DA:92,1
DA:93,1
DA:94,1
DA:95,2
DA:96,2
DA:103,1
DA:104,1
DA:105,2
DA:106,1
DA:108,1
DA:110,1
DA:113,1
LF:51
LH:50
BRDA:8,1,0,1
BRDA:8,1,1,0
BRDA:11,2,0,0
BRDA:11,2,1,0
BRDA:35,3,0,3
BRDA:35,3,1,1
BRDA:35,4,0,4
BRDA:35,4,1,4
BRDA:39,5,0,0
BRDA:39,5,1,1
BRDA:75,6,0,0
BRDA:75,6,1,1
BRDA:78,7,0,0
BRDA:78,7,1,1
BRDA:79,8,0,0
BRDA:79,8,1,1
BRDA:81,9,0,1
BRDA:81,9,1,0
BRDA:81,10,0,1
BRDA:81,10,1,0
BRDA:106,11,0,1
BRDA:106,11,1,0
BRDA:118,12,0,1
BRDA:118,12,1,1
BRF:24
BRH:14
end_of_record
TN:
SF:/Users/ariel/code/react-amp-template/lib/utils/innerHTML.js
FN:7,(anonymous_1)
FNF:1
FNH:1
FNDA:3,(anonymous_1)
DA:3,1
DA:7,1
DA:8,3
LF:3
LH:3
BRF:0
BRH:0
end_of_record
TN:
SF:/Users/ariel/code/react-amp-template/lib/components/Script.js
FN:11,_interopRequireDefault
FN:19,Script
FNF:2
FNH:2
FNDA:1,_interopRequireDefault
FNDA:1,Script
DA:3,1
DA:7,1
DA:9,1
DA:11,1
DA:17,1
DA:18,1
DA:20,1
DA:27,1
LF:8
LH:8
BRDA:12,1,0,0
BRDA:12,1,1,1
BRDA:12,2,0,1
BRDA:12,2,1,1
BRF:4
BRH:3
end_of_record
TN:
SF:/Users/ariel/code/react-amp-template/lib/core/defaults.js
FN:28,isCustomAttribute
FNF:1
FNH:1
FNDA:11,isCustomAttribute
DA:3,1
DA:7,1
DA:9,1
DA:29,11
LF:4
LH:4
BRF:0
BRH:0
end_of_record
TN:
SF:/Users/ariel/code/react-amp-template/lib/utils/ampvalidator.js
FN:15,_interopRequireDefault
FN:21,enhanceValidator
FN:25,validateMarkup
FN:28,(anonymous_4)
FN:41,getInstance
FNF:5
FNH:4
FNDA:2,_interopRequireDefault
FNDA:1,enhanceValidator
FNDA:1,validateMarkup
FNDA:0,(anonymous_4)
FNDA:1,getInstance
DA:3,1
DA:7,1
DA:9,1
DA:11,1
DA:13,1
DA:15,2
DA:17,1
DA:19,1
DA:20,1
DA:22,1
DA:24,1
DA:25,1
DA:26,0
DA:27,0
DA:29,0
DA:30,0
DA:32,1
DA:33,1
DA:38,1
DA:39,1
DA:40,1
DA:41,1
DA:43,1
DA:46,1
LF:24
LH:20
BRDA:16,1,0,0
BRDA:16,1,1,2
BRDA:16,2,0,2
BRDA:16,2,1,2
BRDA:27,3,0,0
BRDA:27,3,1,1
BRDA:27,4,0,1
BRDA:27,4,1,1
BRDA:42,5,0,1
BRDA:42,5,1,0
BRF:10
BRH:7
end_of_record
TN:
SF:/Users/ariel/code/react-amp-template/lib/components/Template.js
FN:7,(anonymous_1)
FN:29,_interopRequireDefault
FN:35,Template
FNF:3
FNH:2
FNDA:0,(anonymous_1)
FNDA:3,_interopRequireDefault
FNDA:1,Template
DA:3,1
DA:7,1
DA:9,1
DA:11,1
DA:13,1
DA:15,1
DA:17,1
DA:19,1
DA:21,3
DA:23,1
DA:25,1
DA:26,1
DA:30,1
DA:35,1
DA:46,1
LF:15
LH:15
BRDA:7,1,0,1
BRDA:7,1,1,0
BRDA:10,2,0,0
BRDA:10,2,1,0
BRDA:30,3,0,2
BRDA:30,3,1,1
BRDA:30,4,0,3
BRDA:30,4,1,3
BRDA:43,5,0,1
BRDA:43,5,1,0
BRF:10
BRH:6
end_of_record
TN:
SF:/Users/ariel/code/react-amp-template/lib/components/Head.js
FN:7,(anonymous_1)
FN:25,_interopRequireDefault
FN:42,Head
FNF:3
FNH:2
FNDA:0,(anonymous_1)
FNDA:2,_interopRequireDefault
FNDA:1,Head
DA:3,1
DA:7,1
DA:9,1
DA:11,1
DA:13,1
DA:15,1
DA:17,2
DA:19,1
DA:20,1
DA:22,1
DA:24,1
DA:26,1
DA:28,1
DA:34,1
DA:44,1
DA:45,1
DA:50,1
DA:69,1
LF:18
LH:18
BRDA:7,1,0,1
BRDA:7,1,1,0
BRDA:10,2,0,0
BRDA:10,2,1,0
BRDA:26,3,0,1
BRDA:26,3,1,1
BRDA:26,4,0,2
BRDA:26,4,1,2
BRDA:48,5,0,1
BRDA:48,5,1,0
BRF:10
BRH:6
end_of_record
TN:
SF:/Users/ariel/code/react-amp-template/src/utils/innerHTML.js
FN:7,(anonymous_1)
FNF:1
FNH:1
FNDA:1,(anonymous_1)
DA:0,1
DA:1,1
LF:2
LH:2
BRF:0
BRH:0
end_of_record
TN:
SF:/Users/ariel/code/react-amp-template/lib/server/index.js
FN:7,(anonymous_1)
FN:8,defineProperties
FN:12,(anonymous_3)
FN:22,_interopRequireDefault
FN:26,_classCallCheck
FN:34,requestHandler
FN:39,(anonymous_7)
FN:40,_class
FN:49,start
FN:52,(anonymous_10)
FNF:10
FNH:7
FNDA:1,(anonymous_1)
FNDA:1,defineProperties
FNDA:1,(anonymous_3)
FNDA:1,_interopRequireDefault
FNDA:1,_classCallCheck
FNDA:0,requestHandler
FNDA:1,(anonymous_7)
FNDA:1,_class
FNDA:0,start
FNDA:0,(anonymous_10)
DA:0,1
DA:3,1
DA:7,1
DA:10,1
DA:12,1
DA:14,1
DA:16,1
DA:18,1
DA:20,1
DA:21,0
DA:22,0
DA:25,1
DA:26,1
DA:27,1
DA:29,1
DA:30,1
DA:33,1
DA:36,0
DA:38,0
DA:39,0
DA:40,0
DA:43,0
DA:44,0
DA:49,1
DA:52,1
LF:25
LH:17
BRDA:10,1,0,1
BRDA:10,1,1,1
BRDA:10,2,0,1
BRDA:10,2,1,0
BRDA:13,3,0,1
BRDA:13,3,1,0
BRDA:13,4,0,0
BRDA:13,4,1,1
BRDA:23,5,0,0
BRDA:23,5,1,1
BRDA:23,6,0,1
BRDA:23,6,1,1
BRDA:27,7,0,0
BRDA:27,7,1,1
BRDA:53,8,0,0
BRDA:53,8,1,0
BRF:16
BRH:9
end_of_record
