TN:
SF:/Users/ariel/projects/react-amp-template/lib/utils/ampvalidator.js
FN:15,_interopRequireDefault
FN:19,enhanceValidator
FN:23,validateMarkup
FN:30,getInstance
FNF:4
FNH:4
FNDA:2,_interopRequireDefault
FNDA:1,enhanceValidator
FNDA:3,validateMarkup
FNDA:1,getInstance
DA:3,1
DA:7,1
DA:9,1
DA:11,1
DA:13,1
DA:15,2
DA:17,1
DA:18,1
DA:20,1
DA:22,3
DA:27,1
DA:28,1
DA:29,1
DA:30,1
DA:32,1
DA:35,1
LF:16
LH:16
BRDA:16,1,0,0
BRDA:16,1,1,2
BRDA:16,2,0,2
BRDA:16,2,1,2
BRDA:31,3,0,1
BRDA:31,3,1,0
BRF:6
BRH:4
end_of_record
TN:
SF:/Users/ariel/projects/react-amp-template/lib/index.js
FN:16,_interopRequireDefault
FNF:1
FNH:1
FNDA:2,_interopRequireDefault
DA:3,1
DA:6,1
DA:8,1
DA:10,1
DA:12,1
DA:14,1
DA:16,2
DA:18,1
DA:20,1
DA:21,1
DA:23,1
LF:11
LH:11
BRDA:17,1,0,2
BRDA:17,1,1,0
BRDA:17,2,0,2
BRDA:17,2,1,2
BRF:4
BRH:3
end_of_record
TN:
SF:/Users/ariel/projects/react-amp-template/lib/server/index.js
FN:7,(anonymous_1)
FN:8,defineProperties
FN:12,(anonymous_3)
FN:22,_interopRequireDefault
FN:26,_classCallCheck
FN:34,requestHandler
FN:39,(anonymous_7)
FN:40,_class
FN:49,start
FN:52,(anonymous_10)
FNF:10
FNH:7
FNDA:1,(anonymous_1)
FNDA:1,defineProperties
FNDA:1,(anonymous_3)
FNDA:1,_interopRequireDefault
FNDA:1,_classCallCheck
FNDA:0,requestHandler
FNDA:1,(anonymous_7)
FNDA:1,_class
FNDA:0,start
FNDA:0,(anonymous_10)
DA:0,1
DA:3,1
DA:7,1
DA:10,1
DA:12,1
DA:14,1
DA:16,1
DA:18,1
DA:20,1
DA:21,0
DA:22,0
DA:25,1
DA:26,1
DA:27,1
DA:29,1
DA:30,1
DA:33,1
DA:36,0
DA:38,0
DA:39,0
DA:40,0
DA:43,0
DA:44,0
DA:49,1
DA:52,1
LF:25
LH:17
BRDA:10,1,0,1
BRDA:10,1,1,1
BRDA:10,2,0,1
BRDA:10,2,1,0
BRDA:13,3,0,1
BRDA:13,3,1,0
BRDA:13,4,0,0
BRDA:13,4,1,1
BRDA:23,5,0,0
BRDA:23,5,1,1
BRDA:23,6,0,1
BRDA:23,6,1,1
BRDA:27,7,0,0
BRDA:27,7,1,1
BRDA:53,8,0,0
BRDA:53,8,1,0
BRF:16
BRH:9
end_of_record
TN:
SF:/Users/ariel/projects/react-amp-template/lib/core/index.js
FN:7,(anonymous_1)
FN:17,(anonymous_2)
FN:18,defineProperties
FN:22,(anonymous_4)
FN:47,_interopRequireDefault
FN:51,_classCallCheck
FN:68,isCustomAttribute
FN:74,(anonymous_8)
FN:75,Core
FN:89,aphrodite
FN:90,(anonymous_11)
FN:96,render
FN:102,(anonymous_13)
FN:125,renderToFile
FN:130,(anonymous_15)
FNF:15
FNH:12
FNDA:0,(anonymous_1)
FNDA:1,(anonymous_2)
FNDA:1,defineProperties
FNDA:1,(anonymous_4)
FNDA:4,_interopRequireDefault
FNDA:1,_classCallCheck
FNDA:12,isCustomAttribute
FNDA:1,(anonymous_8)
FNDA:1,Core
FNDA:1,aphrodite
FNDA:1,(anonymous_11)
FNDA:1,render
FNDA:1,(anonymous_13)
FNDA:0,renderToFile
FNDA:0,(anonymous_15)
DA:3,1
DA:7,1
DA:9,3
DA:11,1
DA:13,1
DA:15,1
DA:17,1
DA:19,1
DA:21,1
DA:23,1
DA:25,1
DA:27,1
DA:29,1
DA:31,4
DA:33,1
DA:35,1
DA:37,1
DA:47,12
DA:52,1
DA:53,1
DA:54,1
DA:56,1
DA:59,1
DA:60,1
DA:61,1
DA:62,1
DA:65,1
DA:68,1
DA:69,1
DA:75,1
DA:77,1
DA:80,1
DA:81,1
DA:82,1
DA:83,1
DA:86,1
DA:94,1
DA:96,0
DA:99,0
DA:101,1
DA:108,0
DA:109,0
DA:112,0
DA:113,0
DA:114,0
DA:115,0
DA:117,0
DA:123,1
DA:126,1
LF:49
LH:40
BRDA:7,1,0,1
BRDA:7,1,1,0
BRDA:10,2,0,0
BRDA:10,2,1,0
BRDA:20,3,0,3
BRDA:20,3,1,3
BRDA:20,4,0,3
BRDA:20,4,1,0
BRDA:23,5,0,1
BRDA:23,5,1,0
BRDA:23,6,0,0
BRDA:23,6,1,1
BRDA:48,7,0,1
BRDA:48,7,1,3
BRDA:48,8,0,4
BRDA:48,8,1,4
BRDA:52,9,0,0
BRDA:52,9,1,1
BRF:18
BRH:11
end_of_record
TN:
SF:/Users/ariel/projects/react-amp-template/lib/template/index.js
FN:7,(anonymous_1)
FN:25,_interopRequireDefault
FN:31,Template
FNF:3
FNH:2
FNDA:0,(anonymous_1)
FNDA:2,_interopRequireDefault
FNDA:1,Template
DA:3,1
DA:7,1
DA:9,1
DA:11,1
DA:13,1
DA:15,1
DA:17,2
DA:19,1
DA:21,1
DA:22,1
DA:26,1
DA:29,1
DA:30,1
DA:45,1
LF:14
LH:14
BRDA:7,1,0,1
BRDA:7,1,1,0
BRDA:10,2,0,0
BRDA:10,2,1,0
BRDA:26,3,0,1
BRDA:26,3,1,1
BRDA:26,4,0,2
BRDA:26,4,1,2
BRF:8
BRH:5
end_of_record
TN:
SF:/Users/ariel/projects/react-amp-template/lib/template/Head.js
FN:11,_interopRequireDefault
FN:28,Head
FN:35,(anonymous_3)
FNF:3
FNH:3
FNDA:1,_interopRequireDefault
FNDA:1,Head
FNDA:2,(anonymous_3)
DA:3,1
DA:7,1
DA:9,1
DA:11,1
DA:13,1
DA:14,1
DA:16,1
DA:18,1
DA:20,1
DA:22,1
DA:28,1
DA:34,1
DA:35,1
DA:39,1
DA:64,2
DA:69,1
LF:16
LH:16
BRDA:12,1,0,0
BRDA:12,1,1,1
BRDA:12,2,0,1
BRDA:12,2,1,1
BRDA:35,3,0,1
BRDA:35,3,1,1
BRDA:35,4,0,1
BRDA:35,4,1,1
BRF:8
BRH:7
end_of_record
TN:
SF:/Users/ariel/projects/react-amp-template/examples/app.js
FN:7,(anonymous_1)
FN:23,_interopRequireDefault
FN:25,(anonymous_3)
FN:27,(anonymous_4)
FN:39,App
FNF:5
FNH:5
FNDA:0,(anonymous_1)
FNDA:3,_interopRequireDefault
FNDA:1,(anonymous_3)
FNDA:1,(anonymous_4)
FNDA:2,App
DA:0,3
DA:1,1
DA:2,1
DA:3,1
DA:4,1
DA:6,1
DA:7,1
DA:8,1
DA:11,2
DA:30,1
LF:10
LH:10
BRDA:7,1,0,1
BRDA:7,1,1,0
BRDA:7,2,0,0
BRDA:7,2,1,0
BRDA:23,3,0,2
BRDA:23,3,1,1
BRDA:23,4,0,3
BRDA:23,4,1,3
BRF:8
BRH:8
end_of_record
TN:
SF:/Users/ariel/projects/react-amp-template/examples/config/index.js
FNF:0
FNH:0
DA:0,1
LF:1
LH:1
BRF:0
BRH:0
end_of_record
TN:
SF:/Users/ariel/projects/react-amp-template/examples/styles.js
FNF:0
FNH:0
DA:0,1
DA:1,1
LF:2
LH:2
BRF:0
BRH:0
end_of_record
